Removed Pin From Net: NetName=NetC1_2 Pin=C1-2
Removed Pin From Net: NetName=GND Pin=D1-1
Removed Pin From Net: NetName=GND Pin=R1-1
Removed Pin From Net: NetName=NetC1_2 Pin=R3-2
Removed Pin From Net: NetName=NetC1_2 Pin=U1-1
Change Component Footprint: Designator=D1 Old Footprint=SOD-323 New Footprint=0603_LED_S1
Change Component Comment : Designator=R2 Old Comment=1K次 (1001) ㊣1% New Comment=10K次 (1002) ㊣1%
Change Component Comment : Designator=D1 Old Comment=1N4148WS T4 New Comment=啞腑 0603
Change Component Comment : Designator=R3 Old Comment=100K次 (1003) ㊣1% New Comment=1M次 (1004) ㊣1%
Change Component Designator: OldDesignator=C1 NewDesignator=C2
Change Component Designator: OldDesignator=R2 NewDesignator=R6
Change Component Designator: OldDesignator=R3 NewDesignator=R10
Change Component Designator: OldDesignator=U1 NewDesignator=U2
Added Component: Designator=C1(0603_C)
Added Component: Designator=D2(SOD-323)
Added Component: Designator=D3(0603_LED_S1)
Added Component: Designator=L1(0603_L)
Added Component: Designator=R2(0603_R)
Added Component: Designator=R3(0603_R)
Added Component: Designator=R4(0603_R)
Added Component: Designator=R5(0603_R)
Added Component: Designator=R7(0603_R)
Added Component: Designator=R8(0603_R)
Added Component: Designator=R9(0603_R)
Added Component: Designator=R11(0603_R)
Added Component: Designator=R12(0603_R)
Added Component: Designator=R13(0603_R)
Added Component: Designator=U1(SOIC-8_150mil)
Added Pin To Net: NetName=NetC1_2 Pin=C1-2
Added Pin To Net: NetName=NetC1_2 Pin=D2-1
Added Pin To Net: NetName=GND Pin=L1-1
Added Pin To Net: NetName=GND Pin=R1-2
Added Pin To Net: NetName=GND Pin=R2-2
Added Pin To Net: NetName=VCC Pin=R4-2
Added Pin To Net: NetName=VCC Pin=R5-1
Added Pin To Net: NetName=VCC Pin=R7-1
Added Pin To Net: NetName=NetC1_1 Pin=R7-2
Added Pin To Net: NetName=GND Pin=R8-2
Added Pin To Net: NetName=GND Pin=R9-2
Added Pin To Net: NetName=VCC Pin=R12-1
Added Pin To Net: NetName=VCC Pin=R13-1
Added Pin To Net: NetName=GND Pin=U1-4
Added Pin To Net: NetName=VCC Pin=U1-8
Change Net Name : Old Net Name=NetC1_1 New Net Name=NetC2_1
Added Pin To Net: NetName=NetC1_1 Pin=C1-1
Added Pin To Net: NetName=NetC1_1 Pin=L1-2
Added Net: Name=NetC1_1
Added Pin To Net: NetName=NetC2_2 Pin=C2-2
Added Pin To Net: NetName=NetC2_2 Pin=R11-2
Added Pin To Net: NetName=NetC2_2 Pin=U1-3
Added Pin To Net: NetName=NetC2_2 Pin=U1-5
Added Pin To Net: NetName=NetC2_2 Pin=U2-1
Added Net: Name=NetC2_2
Added Pin To Net: NetName=NetD1_A Pin=D1-A
Added Pin To Net: NetName=NetD1_A Pin=R5-2
Added Pin To Net: NetName=NetD1_A Pin=U1-1
Added Net: Name=NetD1_A
Added Pin To Net: NetName=NetD1_K Pin=D1-K
Added Pin To Net: NetName=NetD1_K Pin=R2-1
Added Net: Name=NetD1_K
Added Pin To Net: NetName=NetD2_2 Pin=D2-2
Added Pin To Net: NetName=NetD2_2 Pin=R3-1
Added Net: Name=NetD2_2
Added Pin To Net: NetName=NetD3_A Pin=D3-A
Added Pin To Net: NetName=NetD3_A Pin=R13-2
Added Pin To Net: NetName=NetD3_A Pin=U1-7
Added Net: Name=NetD3_A
Added Pin To Net: NetName=NetD3_K Pin=D3-K
Added Pin To Net: NetName=NetD3_K Pin=R9-1
Added Net: Name=NetD3_K
Added Pin To Net: NetName=NetR1_1 Pin=R1-1
Added Pin To Net: NetName=NetR1_1 Pin=R4-1
Added Pin To Net: NetName=NetR1_1 Pin=U1-2
Added Net: Name=NetR1_1
Added Pin To Net: NetName=NetR3_2 Pin=R3-2
Added Pin To Net: NetName=NetR3_2 Pin=U2-2
Added Net: Name=NetR3_2
Added Pin To Net: NetName=NetR8_1 Pin=R8-1
Added Pin To Net: NetName=NetR8_1 Pin=R12-2
Added Pin To Net: NetName=NetR8_1 Pin=U1-6
Added Net: Name=NetR8_1
Added Pin To Net: NetName=NetR10_2 Pin=R10-2
Added Pin To Net: NetName=NetR10_2 Pin=R11-1
Added Net: Name=NetR10_2
Added Member To Class: ClassName=electromagnetic Member=Component C2 100nF (104) 10% 50V
Added Member To Class: ClassName=electromagnetic Member=Component D2 1N4148WS T4
Added Member To Class: ClassName=electromagnetic Member=Component D3 綻腑 0603
Added Member To Class: ClassName=electromagnetic Member=Component L1 NC
Added Member To Class: ClassName=electromagnetic Member=Component R4 100K次 (1003) ㊣1%
Added Member To Class: ClassName=electromagnetic Member=Component R5 47K次 (4702) ㊣1%
Added Member To Class: ClassName=electromagnetic Member=Component R6 10K次 (1002) ㊣1%
Added Member To Class: ClassName=electromagnetic Member=Component R7 NC
Added Member To Class: ClassName=electromagnetic Member=Component R8 100K次 (1003) ㊣1%
Added Member To Class: ClassName=electromagnetic Member=Component R9 2K次 (2001) ㊣1%
Added Member To Class: ClassName=electromagnetic Member=Component R10 1M次 (1004) ㊣1%
Added Member To Class: ClassName=electromagnetic Member=Component R11 NC
Added Member To Class: ClassName=electromagnetic Member=Component R12 10K次 (1002) ㊣1%
Added Member To Class: ClassName=electromagnetic Member=Component R13 47K次 (4702) ㊣1%
Added Member To Class: ClassName=electromagnetic Member=Component U2 LM358DR2G
Added Room: Name=electromagnetic
