Change Component Designator: OldDesignator=R2 NewDesignator=R3
Added Component: Designator=D1(0603_LED_S1)
Added Component: Designator=D2(0603_LED_S1)
Added Component: Designator=Q1(SOT-23(SOT-23-3))
Added Component: Designator=R2(0603_R)
Added Component: Designator=R4(0603_R)
Added Component: Designator=R5(0603_R)
Added Component: Designator=R6(0603_R)
Added Pin To Net: NetName=VCC Pin=D1-A
Added Pin To Net: NetName=GND Pin=Q1-2
Added Pin To Net: NetName=VCC Pin=R2-2
Added Pin To Net: NetName=GND Pin=R4-1
Added Pin To Net: NetName=OUT Pin=R5-1
Added Pin To Net: NetName=GND Pin=R6-1
Change Net Name : Old Net Name=NetR2_1 New Net Name=NetR3_1
Added Pin To Net: NetName=NetD1_K Pin=D1-K
Added Pin To Net: NetName=NetD1_K Pin=R4-2
Added Net: Name=NetD1_K
Added Pin To Net: NetName=NetD2_A Pin=D2-A
Added Pin To Net: NetName=NetD2_A Pin=R2-1
Added Net: Name=NetD2_A
Added Pin To Net: NetName=NetD2_K Pin=D2-K
Added Pin To Net: NetName=NetD2_K Pin=Q1-3
Added Net: Name=NetD2_K
Added Pin To Net: NetName=NetQ1_1 Pin=Q1-1
Added Pin To Net: NetName=NetQ1_1 Pin=R5-2
Added Pin To Net: NetName=NetQ1_1 Pin=R6-2
Added Net: Name=NetQ1_1
Added Member To Class: ClassName=key Member=Component D1 蟯腑 0603
Added Member To Class: ClassName=key Member=Component D2 酴腑 0603
Added Member To Class: ClassName=key Member=Component Q1 SS8050 Y1
Added Member To Class: ClassName=key Member=Component R3 10K次 (1002) ㊣1%
Added Member To Class: ClassName=key Member=Component R4 470次 (4700) ㊣1%
Added Member To Class: ClassName=key Member=Component R5 1K次 (1001) ㊣1%
Added Member To Class: ClassName=key Member=Component R6 10K次 (1002) ㊣1%
