Added Component: Designator=P1(FPC1.0-2H-WS-20P)
Added Component: Designator=P2(FPC1.0-2H-WS-20P)
Added Component: Designator=P3(FPC1.0-2H-WS-20P)
Added Component: Designator=P4(FPC1.0-2H-WS-20P)
Added Component: Designator=P5(FPC1.0-2H-WS-20P)
Added Component: Designator=P6(FPC1.0-2H-WS-20P)
Added Component: Designator=P7(FPC1.0-2H-WS-20P)
Added Component: Designator=P8(FPC1.0-2H-WS-20P)
Added Component: Designator=P9(FPC1.0-2H-WS-20P)
Added Component: Designator=P10(FPC1.0-2H-WS-20P)
Added Component: Designator=P11(FPC1.0-2H-WS-20P)
Added Component: Designator=P12(FPC1.0-2H-WS-20P)
Added Component: Designator=P13(FPC1.0-2H-WS-20P)
Added Component: Designator=P14(FPC1.0-2H-WS-20P)
Added Component: Designator=P15(FPC1.0-2H-WS-20P)
Added Component: Designator=P16(FPC1.0-2H-WS-20P)
Added Component: Designator=P17(FPC1.0-2H-WS-20P)
Added Component: Designator=P18(FPC1.0-2H-WS-20P)
Added Component: Designator=P19(FPC1.0-2H-WS-20P)
Added Component: Designator=P20(FPC1.0-2H-WS-20P)
Added Component: Designator=P21(FPC1.0-2H-WS-20P)
Added Component: Designator=P22(FPC1.0-2H-WS-20P)
Added Component: Designator=P23(FPC1.0-2H-WS-20P)
Added Component: Designator=P24(FPC1.0-2H-WS-20P)
Added Component: Designator=P25(FPC1.0-2H-WS-20P)
Added Component: Designator=P26(FPC1.0-2H-WS-20P)
Added Component: Designator=P27(FPC1.0-2H-WS-20P)
Added Component: Designator=P28(FPC1.0-2H-WS-20P)
Added Component: Designator=P29(FPC1.0-2H-WS-20P)
Added Component: Designator=P30(FPC1.0-2H-WS-20P)
Added Component: Designator=P31(FPC1.0-2H-WS-20P)
Added Component: Designator=P32(FPC1.0-2H-WS-20P)
Added Pin To Net: NetName=GND Pin=P1-3
Added Pin To Net: NetName=GND Pin=P1-4
Added Pin To Net: NetName=GND Pin=P2-3
Added Pin To Net: NetName=GND Pin=P2-4
Added Pin To Net: NetName=GND Pin=P3-3
Added Pin To Net: NetName=GND Pin=P3-4
Added Pin To Net: NetName=GND Pin=P4-3
Added Pin To Net: NetName=GND Pin=P4-4
Added Pin To Net: NetName=GND Pin=P5-3
Added Pin To Net: NetName=GND Pin=P5-4
Added Pin To Net: NetName=GND Pin=P6-3
Added Pin To Net: NetName=GND Pin=P6-4
Added Pin To Net: NetName=GND Pin=P7-3
Added Pin To Net: NetName=GND Pin=P7-4
Added Pin To Net: NetName=GND Pin=P8-3
Added Pin To Net: NetName=GND Pin=P8-4
Added Pin To Net: NetName=GND Pin=P9-3
Added Pin To Net: NetName=GND Pin=P9-4
Added Pin To Net: NetName=GND Pin=P10-3
Added Pin To Net: NetName=GND Pin=P10-4
Added Pin To Net: NetName=GND Pin=P11-3
Added Pin To Net: NetName=GND Pin=P11-4
Added Pin To Net: NetName=GND Pin=P12-3
Added Pin To Net: NetName=GND Pin=P12-4
Added Pin To Net: NetName=GND Pin=P13-3
Added Pin To Net: NetName=GND Pin=P13-4
Added Pin To Net: NetName=GND Pin=P14-3
Added Pin To Net: NetName=GND Pin=P14-4
Added Pin To Net: NetName=GND Pin=P15-3
Added Pin To Net: NetName=GND Pin=P15-4
Added Pin To Net: NetName=GND Pin=P16-3
Added Pin To Net: NetName=GND Pin=P16-4
Added Pin To Net: NetName=GND Pin=P17-3
Added Pin To Net: NetName=GND Pin=P17-4
Added Pin To Net: NetName=GND Pin=P18-3
Added Pin To Net: NetName=GND Pin=P18-4
Added Pin To Net: NetName=GND Pin=P19-3
Added Pin To Net: NetName=GND Pin=P19-4
Added Pin To Net: NetName=GND Pin=P20-3
Added Pin To Net: NetName=GND Pin=P20-4
Added Pin To Net: NetName=GND Pin=P21-3
Added Pin To Net: NetName=GND Pin=P21-4
Added Pin To Net: NetName=GND Pin=P22-3
Added Pin To Net: NetName=GND Pin=P22-4
Added Pin To Net: NetName=GND Pin=P23-3
Added Pin To Net: NetName=GND Pin=P23-4
Added Pin To Net: NetName=GND Pin=P24-3
Added Pin To Net: NetName=GND Pin=P24-4
Added Pin To Net: NetName=GND Pin=P25-3
Added Pin To Net: NetName=GND Pin=P25-4
Added Pin To Net: NetName=GND Pin=P26-3
Added Pin To Net: NetName=GND Pin=P26-4
Added Pin To Net: NetName=GND Pin=P27-3
Added Pin To Net: NetName=GND Pin=P27-4
Added Pin To Net: NetName=GND Pin=P28-3
Added Pin To Net: NetName=GND Pin=P28-4
Added Pin To Net: NetName=GND Pin=P29-3
Added Pin To Net: NetName=GND Pin=P29-4
Added Pin To Net: NetName=GND Pin=P30-3
Added Pin To Net: NetName=GND Pin=P30-4
Added Pin To Net: NetName=GND Pin=P31-3
Added Pin To Net: NetName=GND Pin=P31-4
Added Pin To Net: NetName=GND Pin=P32-3
Added Pin To Net: NetName=GND Pin=P32-4
Added Net: Name=GND
Added Pin To Net: NetName=M_C_1 Pin=P1-6
Added Pin To Net: NetName=M_C_1 Pin=P3-6
Added Pin To Net: NetName=M_C_1 Pin=P5-6
Added Pin To Net: NetName=M_C_1 Pin=P7-6
Added Pin To Net: NetName=M_C_1 Pin=P9-6
Added Pin To Net: NetName=M_C_1 Pin=P11-6
Added Pin To Net: NetName=M_C_1 Pin=P13-6
Added Pin To Net: NetName=M_C_1 Pin=P15-6
Added Pin To Net: NetName=M_C_1 Pin=P17-6
Added Pin To Net: NetName=M_C_1 Pin=P19-6
Added Pin To Net: NetName=M_C_1 Pin=P21-6
Added Pin To Net: NetName=M_C_1 Pin=P23-6
Added Pin To Net: NetName=M_C_1 Pin=P25-6
Added Pin To Net: NetName=M_C_1 Pin=P27-6
Added Pin To Net: NetName=M_C_1 Pin=P29-6
Added Pin To Net: NetName=M_C_1 Pin=P31-6
Added Net: Name=M_C_1
Added Pin To Net: NetName=M_C_2 Pin=P1-7
Added Pin To Net: NetName=M_C_2 Pin=P3-7
Added Pin To Net: NetName=M_C_2 Pin=P5-7
Added Pin To Net: NetName=M_C_2 Pin=P7-7
Added Pin To Net: NetName=M_C_2 Pin=P9-7
Added Pin To Net: NetName=M_C_2 Pin=P11-7
Added Pin To Net: NetName=M_C_2 Pin=P13-7
Added Pin To Net: NetName=M_C_2 Pin=P15-7
Added Pin To Net: NetName=M_C_2 Pin=P17-7
Added Pin To Net: NetName=M_C_2 Pin=P19-7
Added Pin To Net: NetName=M_C_2 Pin=P21-7
Added Pin To Net: NetName=M_C_2 Pin=P23-7
Added Pin To Net: NetName=M_C_2 Pin=P25-7
Added Pin To Net: NetName=M_C_2 Pin=P27-7
Added Pin To Net: NetName=M_C_2 Pin=P29-7
Added Pin To Net: NetName=M_C_2 Pin=P31-7
Added Net: Name=M_C_2
Added Pin To Net: NetName=M_C_3 Pin=P1-8
Added Pin To Net: NetName=M_C_3 Pin=P3-8
Added Pin To Net: NetName=M_C_3 Pin=P5-8
Added Pin To Net: NetName=M_C_3 Pin=P7-8
Added Pin To Net: NetName=M_C_3 Pin=P9-8
Added Pin To Net: NetName=M_C_3 Pin=P11-8
Added Pin To Net: NetName=M_C_3 Pin=P13-8
Added Pin To Net: NetName=M_C_3 Pin=P15-8
Added Pin To Net: NetName=M_C_3 Pin=P17-8
Added Pin To Net: NetName=M_C_3 Pin=P19-8
Added Pin To Net: NetName=M_C_3 Pin=P21-8
Added Pin To Net: NetName=M_C_3 Pin=P23-8
Added Pin To Net: NetName=M_C_3 Pin=P25-8
Added Pin To Net: NetName=M_C_3 Pin=P27-8
Added Pin To Net: NetName=M_C_3 Pin=P29-8
Added Pin To Net: NetName=M_C_3 Pin=P31-8
Added Net: Name=M_C_3
Added Pin To Net: NetName=M_C_4 Pin=P1-9
Added Pin To Net: NetName=M_C_4 Pin=P3-9
Added Pin To Net: NetName=M_C_4 Pin=P5-9
Added Pin To Net: NetName=M_C_4 Pin=P7-9
Added Pin To Net: NetName=M_C_4 Pin=P9-9
Added Pin To Net: NetName=M_C_4 Pin=P11-9
Added Pin To Net: NetName=M_C_4 Pin=P13-9
Added Pin To Net: NetName=M_C_4 Pin=P15-9
Added Pin To Net: NetName=M_C_4 Pin=P17-9
Added Pin To Net: NetName=M_C_4 Pin=P19-9
Added Pin To Net: NetName=M_C_4 Pin=P21-9
Added Pin To Net: NetName=M_C_4 Pin=P23-9
Added Pin To Net: NetName=M_C_4 Pin=P25-9
Added Pin To Net: NetName=M_C_4 Pin=P27-9
Added Pin To Net: NetName=M_C_4 Pin=P29-9
Added Pin To Net: NetName=M_C_4 Pin=P31-9
Added Net: Name=M_C_4
Added Pin To Net: NetName=M_C_5 Pin=P1-10
Added Pin To Net: NetName=M_C_5 Pin=P3-10
Added Pin To Net: NetName=M_C_5 Pin=P5-10
Added Pin To Net: NetName=M_C_5 Pin=P7-10
Added Pin To Net: NetName=M_C_5 Pin=P9-10
Added Pin To Net: NetName=M_C_5 Pin=P11-10
Added Pin To Net: NetName=M_C_5 Pin=P13-10
Added Pin To Net: NetName=M_C_5 Pin=P15-10
Added Pin To Net: NetName=M_C_5 Pin=P17-10
Added Pin To Net: NetName=M_C_5 Pin=P19-10
Added Pin To Net: NetName=M_C_5 Pin=P21-10
Added Pin To Net: NetName=M_C_5 Pin=P23-10
Added Pin To Net: NetName=M_C_5 Pin=P25-10
Added Pin To Net: NetName=M_C_5 Pin=P27-10
Added Pin To Net: NetName=M_C_5 Pin=P29-10
Added Pin To Net: NetName=M_C_5 Pin=P31-10
Added Net: Name=M_C_5
Added Pin To Net: NetName=M_C_6 Pin=P1-11
Added Pin To Net: NetName=M_C_6 Pin=P3-11
Added Pin To Net: NetName=M_C_6 Pin=P5-11
Added Pin To Net: NetName=M_C_6 Pin=P7-11
Added Pin To Net: NetName=M_C_6 Pin=P9-11
Added Pin To Net: NetName=M_C_6 Pin=P11-11
Added Pin To Net: NetName=M_C_6 Pin=P13-11
Added Pin To Net: NetName=M_C_6 Pin=P15-11
Added Pin To Net: NetName=M_C_6 Pin=P17-11
Added Pin To Net: NetName=M_C_6 Pin=P19-11
Added Pin To Net: NetName=M_C_6 Pin=P21-11
Added Pin To Net: NetName=M_C_6 Pin=P23-11
Added Pin To Net: NetName=M_C_6 Pin=P25-11
Added Pin To Net: NetName=M_C_6 Pin=P27-11
Added Pin To Net: NetName=M_C_6 Pin=P29-11
Added Pin To Net: NetName=M_C_6 Pin=P31-11
Added Net: Name=M_C_6
Added Pin To Net: NetName=M_C_7 Pin=P1-12
Added Pin To Net: NetName=M_C_7 Pin=P3-12
Added Pin To Net: NetName=M_C_7 Pin=P5-12
Added Pin To Net: NetName=M_C_7 Pin=P7-12
Added Pin To Net: NetName=M_C_7 Pin=P9-12
Added Pin To Net: NetName=M_C_7 Pin=P11-12
Added Pin To Net: NetName=M_C_7 Pin=P13-12
Added Pin To Net: NetName=M_C_7 Pin=P15-12
Added Pin To Net: NetName=M_C_7 Pin=P17-12
Added Pin To Net: NetName=M_C_7 Pin=P19-12
Added Pin To Net: NetName=M_C_7 Pin=P21-12
Added Pin To Net: NetName=M_C_7 Pin=P23-12
Added Pin To Net: NetName=M_C_7 Pin=P25-12
Added Pin To Net: NetName=M_C_7 Pin=P27-12
Added Pin To Net: NetName=M_C_7 Pin=P29-12
Added Pin To Net: NetName=M_C_7 Pin=P31-12
Added Net: Name=M_C_7
Added Pin To Net: NetName=M_C_8 Pin=P1-13
Added Pin To Net: NetName=M_C_8 Pin=P3-13
Added Pin To Net: NetName=M_C_8 Pin=P5-13
Added Pin To Net: NetName=M_C_8 Pin=P7-13
Added Pin To Net: NetName=M_C_8 Pin=P9-13
Added Pin To Net: NetName=M_C_8 Pin=P11-13
Added Pin To Net: NetName=M_C_8 Pin=P13-13
Added Pin To Net: NetName=M_C_8 Pin=P15-13
Added Pin To Net: NetName=M_C_8 Pin=P17-13
Added Pin To Net: NetName=M_C_8 Pin=P19-13
Added Pin To Net: NetName=M_C_8 Pin=P21-13
Added Pin To Net: NetName=M_C_8 Pin=P23-13
Added Pin To Net: NetName=M_C_8 Pin=P25-13
Added Pin To Net: NetName=M_C_8 Pin=P27-13
Added Pin To Net: NetName=M_C_8 Pin=P29-13
Added Pin To Net: NetName=M_C_8 Pin=P31-13
Added Net: Name=M_C_8
Added Pin To Net: NetName=M_C_9 Pin=P1-14
Added Pin To Net: NetName=M_C_9 Pin=P3-14
Added Pin To Net: NetName=M_C_9 Pin=P5-14
Added Pin To Net: NetName=M_C_9 Pin=P7-14
Added Pin To Net: NetName=M_C_9 Pin=P9-14
Added Pin To Net: NetName=M_C_9 Pin=P11-14
Added Pin To Net: NetName=M_C_9 Pin=P13-14
Added Pin To Net: NetName=M_C_9 Pin=P15-14
Added Pin To Net: NetName=M_C_9 Pin=P17-14
Added Pin To Net: NetName=M_C_9 Pin=P19-14
Added Pin To Net: NetName=M_C_9 Pin=P21-14
Added Pin To Net: NetName=M_C_9 Pin=P23-14
Added Pin To Net: NetName=M_C_9 Pin=P25-14
Added Pin To Net: NetName=M_C_9 Pin=P27-14
Added Pin To Net: NetName=M_C_9 Pin=P29-14
Added Pin To Net: NetName=M_C_9 Pin=P31-14
Added Net: Name=M_C_9
Added Pin To Net: NetName=M_C_10 Pin=P1-15
Added Pin To Net: NetName=M_C_10 Pin=P3-15
Added Pin To Net: NetName=M_C_10 Pin=P5-15
Added Pin To Net: NetName=M_C_10 Pin=P7-15
Added Pin To Net: NetName=M_C_10 Pin=P9-15
Added Pin To Net: NetName=M_C_10 Pin=P11-15
Added Pin To Net: NetName=M_C_10 Pin=P13-15
Added Pin To Net: NetName=M_C_10 Pin=P15-15
Added Pin To Net: NetName=M_C_10 Pin=P17-15
Added Pin To Net: NetName=M_C_10 Pin=P19-15
Added Pin To Net: NetName=M_C_10 Pin=P21-15
Added Pin To Net: NetName=M_C_10 Pin=P23-15
Added Pin To Net: NetName=M_C_10 Pin=P25-15
Added Pin To Net: NetName=M_C_10 Pin=P27-15
Added Pin To Net: NetName=M_C_10 Pin=P29-15
Added Pin To Net: NetName=M_C_10 Pin=P31-15
Added Net: Name=M_C_10
Added Pin To Net: NetName=M_C_11 Pin=P1-16
Added Pin To Net: NetName=M_C_11 Pin=P3-16
Added Pin To Net: NetName=M_C_11 Pin=P5-16
Added Pin To Net: NetName=M_C_11 Pin=P7-16
Added Pin To Net: NetName=M_C_11 Pin=P9-16
Added Pin To Net: NetName=M_C_11 Pin=P11-16
Added Pin To Net: NetName=M_C_11 Pin=P13-16
Added Pin To Net: NetName=M_C_11 Pin=P15-16
Added Pin To Net: NetName=M_C_11 Pin=P17-16
Added Pin To Net: NetName=M_C_11 Pin=P19-16
Added Pin To Net: NetName=M_C_11 Pin=P21-16
Added Pin To Net: NetName=M_C_11 Pin=P23-16
Added Pin To Net: NetName=M_C_11 Pin=P25-16
Added Pin To Net: NetName=M_C_11 Pin=P27-16
Added Pin To Net: NetName=M_C_11 Pin=P29-16
Added Pin To Net: NetName=M_C_11 Pin=P31-16
Added Net: Name=M_C_11
Added Pin To Net: NetName=M_C_12 Pin=P1-17
Added Pin To Net: NetName=M_C_12 Pin=P3-17
Added Pin To Net: NetName=M_C_12 Pin=P5-17
Added Pin To Net: NetName=M_C_12 Pin=P7-17
Added Pin To Net: NetName=M_C_12 Pin=P9-17
Added Pin To Net: NetName=M_C_12 Pin=P11-17
Added Pin To Net: NetName=M_C_12 Pin=P13-17
Added Pin To Net: NetName=M_C_12 Pin=P15-17
Added Pin To Net: NetName=M_C_12 Pin=P17-17
Added Pin To Net: NetName=M_C_12 Pin=P19-17
Added Pin To Net: NetName=M_C_12 Pin=P21-17
Added Pin To Net: NetName=M_C_12 Pin=P23-17
Added Pin To Net: NetName=M_C_12 Pin=P25-17
Added Pin To Net: NetName=M_C_12 Pin=P27-17
Added Pin To Net: NetName=M_C_12 Pin=P29-17
Added Pin To Net: NetName=M_C_12 Pin=P31-17
Added Net: Name=M_C_12
Added Pin To Net: NetName=M_C_13 Pin=P1-18
Added Pin To Net: NetName=M_C_13 Pin=P3-18
Added Pin To Net: NetName=M_C_13 Pin=P5-18
Added Pin To Net: NetName=M_C_13 Pin=P7-18
Added Pin To Net: NetName=M_C_13 Pin=P9-18
Added Pin To Net: NetName=M_C_13 Pin=P11-18
Added Pin To Net: NetName=M_C_13 Pin=P13-18
Added Pin To Net: NetName=M_C_13 Pin=P15-18
Added Pin To Net: NetName=M_C_13 Pin=P17-18
Added Pin To Net: NetName=M_C_13 Pin=P19-18
Added Pin To Net: NetName=M_C_13 Pin=P21-18
Added Pin To Net: NetName=M_C_13 Pin=P23-18
Added Pin To Net: NetName=M_C_13 Pin=P25-18
Added Pin To Net: NetName=M_C_13 Pin=P27-18
Added Pin To Net: NetName=M_C_13 Pin=P29-18
Added Pin To Net: NetName=M_C_13 Pin=P31-18
Added Net: Name=M_C_13
Added Pin To Net: NetName=M_C_14 Pin=P1-19
Added Pin To Net: NetName=M_C_14 Pin=P3-19
Added Pin To Net: NetName=M_C_14 Pin=P5-19
Added Pin To Net: NetName=M_C_14 Pin=P7-19
Added Pin To Net: NetName=M_C_14 Pin=P9-19
Added Pin To Net: NetName=M_C_14 Pin=P11-19
Added Pin To Net: NetName=M_C_14 Pin=P13-19
Added Pin To Net: NetName=M_C_14 Pin=P15-19
Added Pin To Net: NetName=M_C_14 Pin=P17-19
Added Pin To Net: NetName=M_C_14 Pin=P19-19
Added Pin To Net: NetName=M_C_14 Pin=P21-19
Added Pin To Net: NetName=M_C_14 Pin=P23-19
Added Pin To Net: NetName=M_C_14 Pin=P25-19
Added Pin To Net: NetName=M_C_14 Pin=P27-19
Added Pin To Net: NetName=M_C_14 Pin=P29-19
Added Pin To Net: NetName=M_C_14 Pin=P31-19
Added Net: Name=M_C_14
Added Pin To Net: NetName=M_C_15 Pin=P1-20
Added Pin To Net: NetName=M_C_15 Pin=P3-20
Added Pin To Net: NetName=M_C_15 Pin=P5-20
Added Pin To Net: NetName=M_C_15 Pin=P7-20
Added Pin To Net: NetName=M_C_15 Pin=P9-20
Added Pin To Net: NetName=M_C_15 Pin=P11-20
Added Pin To Net: NetName=M_C_15 Pin=P13-20
Added Pin To Net: NetName=M_C_15 Pin=P15-20
Added Pin To Net: NetName=M_C_15 Pin=P17-20
Added Pin To Net: NetName=M_C_15 Pin=P19-20
Added Pin To Net: NetName=M_C_15 Pin=P21-20
Added Pin To Net: NetName=M_C_15 Pin=P23-20
Added Pin To Net: NetName=M_C_15 Pin=P25-20
Added Pin To Net: NetName=M_C_15 Pin=P27-20
Added Pin To Net: NetName=M_C_15 Pin=P29-20
Added Pin To Net: NetName=M_C_15 Pin=P31-20
Added Net: Name=M_C_15
Added Pin To Net: NetName=M_C_16 Pin=P2-6
Added Pin To Net: NetName=M_C_16 Pin=P4-6
Added Pin To Net: NetName=M_C_16 Pin=P6-6
Added Pin To Net: NetName=M_C_16 Pin=P8-6
Added Pin To Net: NetName=M_C_16 Pin=P10-6
Added Pin To Net: NetName=M_C_16 Pin=P12-6
Added Pin To Net: NetName=M_C_16 Pin=P14-6
Added Pin To Net: NetName=M_C_16 Pin=P16-6
Added Pin To Net: NetName=M_C_16 Pin=P18-6
Added Pin To Net: NetName=M_C_16 Pin=P20-6
Added Pin To Net: NetName=M_C_16 Pin=P22-6
Added Pin To Net: NetName=M_C_16 Pin=P24-6
Added Pin To Net: NetName=M_C_16 Pin=P26-6
Added Pin To Net: NetName=M_C_16 Pin=P28-6
Added Pin To Net: NetName=M_C_16 Pin=P30-6
Added Pin To Net: NetName=M_C_16 Pin=P32-6
Added Net: Name=M_C_16
Added Pin To Net: NetName=M_C_17 Pin=P2-7
Added Pin To Net: NetName=M_C_17 Pin=P4-7
Added Pin To Net: NetName=M_C_17 Pin=P6-7
Added Pin To Net: NetName=M_C_17 Pin=P8-7
Added Pin To Net: NetName=M_C_17 Pin=P10-7
Added Pin To Net: NetName=M_C_17 Pin=P12-7
Added Pin To Net: NetName=M_C_17 Pin=P14-7
Added Pin To Net: NetName=M_C_17 Pin=P16-7
Added Pin To Net: NetName=M_C_17 Pin=P18-7
Added Pin To Net: NetName=M_C_17 Pin=P20-7
Added Pin To Net: NetName=M_C_17 Pin=P22-7
Added Pin To Net: NetName=M_C_17 Pin=P24-7
Added Pin To Net: NetName=M_C_17 Pin=P26-7
Added Pin To Net: NetName=M_C_17 Pin=P28-7
Added Pin To Net: NetName=M_C_17 Pin=P30-7
Added Pin To Net: NetName=M_C_17 Pin=P32-7
Added Net: Name=M_C_17
Added Pin To Net: NetName=M_C_18 Pin=P2-8
Added Pin To Net: NetName=M_C_18 Pin=P4-8
Added Pin To Net: NetName=M_C_18 Pin=P6-8
Added Pin To Net: NetName=M_C_18 Pin=P8-8
Added Pin To Net: NetName=M_C_18 Pin=P10-8
Added Pin To Net: NetName=M_C_18 Pin=P12-8
Added Pin To Net: NetName=M_C_18 Pin=P14-8
Added Pin To Net: NetName=M_C_18 Pin=P16-8
Added Pin To Net: NetName=M_C_18 Pin=P18-8
Added Pin To Net: NetName=M_C_18 Pin=P20-8
Added Pin To Net: NetName=M_C_18 Pin=P22-8
Added Pin To Net: NetName=M_C_18 Pin=P24-8
Added Pin To Net: NetName=M_C_18 Pin=P26-8
Added Pin To Net: NetName=M_C_18 Pin=P28-8
Added Pin To Net: NetName=M_C_18 Pin=P30-8
Added Pin To Net: NetName=M_C_18 Pin=P32-8
Added Net: Name=M_C_18
Added Pin To Net: NetName=M_C_19 Pin=P2-9
Added Pin To Net: NetName=M_C_19 Pin=P4-9
Added Pin To Net: NetName=M_C_19 Pin=P6-9
Added Pin To Net: NetName=M_C_19 Pin=P8-9
Added Pin To Net: NetName=M_C_19 Pin=P10-9
Added Pin To Net: NetName=M_C_19 Pin=P12-9
Added Pin To Net: NetName=M_C_19 Pin=P14-9
Added Pin To Net: NetName=M_C_19 Pin=P16-9
Added Pin To Net: NetName=M_C_19 Pin=P18-9
Added Pin To Net: NetName=M_C_19 Pin=P20-9
Added Pin To Net: NetName=M_C_19 Pin=P22-9
Added Pin To Net: NetName=M_C_19 Pin=P24-9
Added Pin To Net: NetName=M_C_19 Pin=P26-9
Added Pin To Net: NetName=M_C_19 Pin=P28-9
Added Pin To Net: NetName=M_C_19 Pin=P30-9
Added Pin To Net: NetName=M_C_19 Pin=P32-9
Added Net: Name=M_C_19
Added Pin To Net: NetName=M_C_20 Pin=P2-10
Added Pin To Net: NetName=M_C_20 Pin=P4-10
Added Pin To Net: NetName=M_C_20 Pin=P6-10
Added Pin To Net: NetName=M_C_20 Pin=P8-10
Added Pin To Net: NetName=M_C_20 Pin=P10-10
Added Pin To Net: NetName=M_C_20 Pin=P12-10
Added Pin To Net: NetName=M_C_20 Pin=P14-10
Added Pin To Net: NetName=M_C_20 Pin=P16-10
Added Pin To Net: NetName=M_C_20 Pin=P18-10
Added Pin To Net: NetName=M_C_20 Pin=P20-10
Added Pin To Net: NetName=M_C_20 Pin=P22-10
Added Pin To Net: NetName=M_C_20 Pin=P24-10
Added Pin To Net: NetName=M_C_20 Pin=P26-10
Added Pin To Net: NetName=M_C_20 Pin=P28-10
Added Pin To Net: NetName=M_C_20 Pin=P30-10
Added Pin To Net: NetName=M_C_20 Pin=P32-10
Added Net: Name=M_C_20
Added Pin To Net: NetName=M_C_21 Pin=P2-11
Added Pin To Net: NetName=M_C_21 Pin=P4-11
Added Pin To Net: NetName=M_C_21 Pin=P6-11
Added Pin To Net: NetName=M_C_21 Pin=P8-11
Added Pin To Net: NetName=M_C_21 Pin=P10-11
Added Pin To Net: NetName=M_C_21 Pin=P12-11
Added Pin To Net: NetName=M_C_21 Pin=P14-11
Added Pin To Net: NetName=M_C_21 Pin=P16-11
Added Pin To Net: NetName=M_C_21 Pin=P18-11
Added Pin To Net: NetName=M_C_21 Pin=P20-11
Added Pin To Net: NetName=M_C_21 Pin=P22-11
Added Pin To Net: NetName=M_C_21 Pin=P24-11
Added Pin To Net: NetName=M_C_21 Pin=P26-11
Added Pin To Net: NetName=M_C_21 Pin=P28-11
Added Pin To Net: NetName=M_C_21 Pin=P30-11
Added Pin To Net: NetName=M_C_21 Pin=P32-11
Added Net: Name=M_C_21
Added Pin To Net: NetName=M_C_22 Pin=P2-12
Added Pin To Net: NetName=M_C_22 Pin=P4-12
Added Pin To Net: NetName=M_C_22 Pin=P6-12
Added Pin To Net: NetName=M_C_22 Pin=P8-12
Added Pin To Net: NetName=M_C_22 Pin=P10-12
Added Pin To Net: NetName=M_C_22 Pin=P12-12
Added Pin To Net: NetName=M_C_22 Pin=P14-12
Added Pin To Net: NetName=M_C_22 Pin=P16-12
Added Pin To Net: NetName=M_C_22 Pin=P18-12
Added Pin To Net: NetName=M_C_22 Pin=P20-12
Added Pin To Net: NetName=M_C_22 Pin=P22-12
Added Pin To Net: NetName=M_C_22 Pin=P24-12
Added Pin To Net: NetName=M_C_22 Pin=P26-12
Added Pin To Net: NetName=M_C_22 Pin=P28-12
Added Pin To Net: NetName=M_C_22 Pin=P30-12
Added Pin To Net: NetName=M_C_22 Pin=P32-12
Added Net: Name=M_C_22
Added Pin To Net: NetName=M_C_23 Pin=P2-13
Added Pin To Net: NetName=M_C_23 Pin=P4-13
Added Pin To Net: NetName=M_C_23 Pin=P6-13
Added Pin To Net: NetName=M_C_23 Pin=P8-13
Added Pin To Net: NetName=M_C_23 Pin=P10-13
Added Pin To Net: NetName=M_C_23 Pin=P12-13
Added Pin To Net: NetName=M_C_23 Pin=P14-13
Added Pin To Net: NetName=M_C_23 Pin=P16-13
Added Pin To Net: NetName=M_C_23 Pin=P18-13
Added Pin To Net: NetName=M_C_23 Pin=P20-13
Added Pin To Net: NetName=M_C_23 Pin=P22-13
Added Pin To Net: NetName=M_C_23 Pin=P24-13
Added Pin To Net: NetName=M_C_23 Pin=P26-13
Added Pin To Net: NetName=M_C_23 Pin=P28-13
Added Pin To Net: NetName=M_C_23 Pin=P30-13
Added Pin To Net: NetName=M_C_23 Pin=P32-13
Added Net: Name=M_C_23
Added Pin To Net: NetName=M_C_24 Pin=P2-14
Added Pin To Net: NetName=M_C_24 Pin=P4-14
Added Pin To Net: NetName=M_C_24 Pin=P6-14
Added Pin To Net: NetName=M_C_24 Pin=P8-14
Added Pin To Net: NetName=M_C_24 Pin=P10-14
Added Pin To Net: NetName=M_C_24 Pin=P12-14
Added Pin To Net: NetName=M_C_24 Pin=P14-14
Added Pin To Net: NetName=M_C_24 Pin=P16-14
Added Pin To Net: NetName=M_C_24 Pin=P18-14
Added Pin To Net: NetName=M_C_24 Pin=P20-14
Added Pin To Net: NetName=M_C_24 Pin=P22-14
Added Pin To Net: NetName=M_C_24 Pin=P24-14
Added Pin To Net: NetName=M_C_24 Pin=P26-14
Added Pin To Net: NetName=M_C_24 Pin=P28-14
Added Pin To Net: NetName=M_C_24 Pin=P30-14
Added Pin To Net: NetName=M_C_24 Pin=P32-14
Added Net: Name=M_C_24
Added Pin To Net: NetName=M_C_25 Pin=P2-15
Added Pin To Net: NetName=M_C_25 Pin=P4-15
Added Pin To Net: NetName=M_C_25 Pin=P6-15
Added Pin To Net: NetName=M_C_25 Pin=P8-15
Added Pin To Net: NetName=M_C_25 Pin=P10-15
Added Pin To Net: NetName=M_C_25 Pin=P12-15
Added Pin To Net: NetName=M_C_25 Pin=P14-15
Added Pin To Net: NetName=M_C_25 Pin=P16-15
Added Pin To Net: NetName=M_C_25 Pin=P18-15
Added Pin To Net: NetName=M_C_25 Pin=P20-15
Added Pin To Net: NetName=M_C_25 Pin=P22-15
Added Pin To Net: NetName=M_C_25 Pin=P24-15
Added Pin To Net: NetName=M_C_25 Pin=P26-15
Added Pin To Net: NetName=M_C_25 Pin=P28-15
Added Pin To Net: NetName=M_C_25 Pin=P30-15
Added Pin To Net: NetName=M_C_25 Pin=P32-15
Added Net: Name=M_C_25
Added Pin To Net: NetName=M_C_26 Pin=P2-16
Added Pin To Net: NetName=M_C_26 Pin=P4-16
Added Pin To Net: NetName=M_C_26 Pin=P6-16
Added Pin To Net: NetName=M_C_26 Pin=P8-16
Added Pin To Net: NetName=M_C_26 Pin=P10-16
Added Pin To Net: NetName=M_C_26 Pin=P12-16
Added Pin To Net: NetName=M_C_26 Pin=P14-16
Added Pin To Net: NetName=M_C_26 Pin=P16-16
Added Pin To Net: NetName=M_C_26 Pin=P18-16
Added Pin To Net: NetName=M_C_26 Pin=P20-16
Added Pin To Net: NetName=M_C_26 Pin=P22-16
Added Pin To Net: NetName=M_C_26 Pin=P24-16
Added Pin To Net: NetName=M_C_26 Pin=P26-16
Added Pin To Net: NetName=M_C_26 Pin=P28-16
Added Pin To Net: NetName=M_C_26 Pin=P30-16
Added Pin To Net: NetName=M_C_26 Pin=P32-16
Added Net: Name=M_C_26
Added Pin To Net: NetName=M_C_27 Pin=P2-17
Added Pin To Net: NetName=M_C_27 Pin=P4-17
Added Pin To Net: NetName=M_C_27 Pin=P6-17
Added Pin To Net: NetName=M_C_27 Pin=P8-17
Added Pin To Net: NetName=M_C_27 Pin=P10-17
Added Pin To Net: NetName=M_C_27 Pin=P12-17
Added Pin To Net: NetName=M_C_27 Pin=P14-17
Added Pin To Net: NetName=M_C_27 Pin=P16-17
Added Pin To Net: NetName=M_C_27 Pin=P18-17
Added Pin To Net: NetName=M_C_27 Pin=P20-17
Added Pin To Net: NetName=M_C_27 Pin=P22-17
Added Pin To Net: NetName=M_C_27 Pin=P24-17
Added Pin To Net: NetName=M_C_27 Pin=P26-17
Added Pin To Net: NetName=M_C_27 Pin=P28-17
Added Pin To Net: NetName=M_C_27 Pin=P30-17
Added Pin To Net: NetName=M_C_27 Pin=P32-17
Added Net: Name=M_C_27
Added Pin To Net: NetName=M_C_28 Pin=P2-18
Added Pin To Net: NetName=M_C_28 Pin=P4-18
Added Pin To Net: NetName=M_C_28 Pin=P6-18
Added Pin To Net: NetName=M_C_28 Pin=P8-18
Added Pin To Net: NetName=M_C_28 Pin=P10-18
Added Pin To Net: NetName=M_C_28 Pin=P12-18
Added Pin To Net: NetName=M_C_28 Pin=P14-18
Added Pin To Net: NetName=M_C_28 Pin=P16-18
Added Pin To Net: NetName=M_C_28 Pin=P18-18
Added Pin To Net: NetName=M_C_28 Pin=P20-18
Added Pin To Net: NetName=M_C_28 Pin=P22-18
Added Pin To Net: NetName=M_C_28 Pin=P24-18
Added Pin To Net: NetName=M_C_28 Pin=P26-18
Added Pin To Net: NetName=M_C_28 Pin=P28-18
Added Pin To Net: NetName=M_C_28 Pin=P30-18
Added Pin To Net: NetName=M_C_28 Pin=P32-18
Added Net: Name=M_C_28
Added Pin To Net: NetName=M_C_29 Pin=P2-19
Added Pin To Net: NetName=M_C_29 Pin=P4-19
Added Pin To Net: NetName=M_C_29 Pin=P6-19
Added Pin To Net: NetName=M_C_29 Pin=P8-19
Added Pin To Net: NetName=M_C_29 Pin=P10-19
Added Pin To Net: NetName=M_C_29 Pin=P12-19
Added Pin To Net: NetName=M_C_29 Pin=P14-19
Added Pin To Net: NetName=M_C_29 Pin=P16-19
Added Pin To Net: NetName=M_C_29 Pin=P18-19
Added Pin To Net: NetName=M_C_29 Pin=P20-19
Added Pin To Net: NetName=M_C_29 Pin=P22-19
Added Pin To Net: NetName=M_C_29 Pin=P24-19
Added Pin To Net: NetName=M_C_29 Pin=P26-19
Added Pin To Net: NetName=M_C_29 Pin=P28-19
Added Pin To Net: NetName=M_C_29 Pin=P30-19
Added Pin To Net: NetName=M_C_29 Pin=P32-19
Added Net: Name=M_C_29
Added Pin To Net: NetName=M_C_30 Pin=P2-20
Added Pin To Net: NetName=M_C_30 Pin=P4-20
Added Pin To Net: NetName=M_C_30 Pin=P6-20
Added Pin To Net: NetName=M_C_30 Pin=P8-20
Added Pin To Net: NetName=M_C_30 Pin=P10-20
Added Pin To Net: NetName=M_C_30 Pin=P12-20
Added Pin To Net: NetName=M_C_30 Pin=P14-20
Added Pin To Net: NetName=M_C_30 Pin=P16-20
Added Pin To Net: NetName=M_C_30 Pin=P18-20
Added Pin To Net: NetName=M_C_30 Pin=P20-20
Added Pin To Net: NetName=M_C_30 Pin=P22-20
Added Pin To Net: NetName=M_C_30 Pin=P24-20
Added Pin To Net: NetName=M_C_30 Pin=P26-20
Added Pin To Net: NetName=M_C_30 Pin=P28-20
Added Pin To Net: NetName=M_C_30 Pin=P30-20
Added Pin To Net: NetName=M_C_30 Pin=P32-20
Added Net: Name=M_C_30
Added Pin To Net: NetName=M_R_1 Pin=P1-5
Added Pin To Net: NetName=M_R_1 Pin=P2-5
Added Net: Name=M_R_1
Added Pin To Net: NetName=M_R_2 Pin=P3-5
Added Pin To Net: NetName=M_R_2 Pin=P4-5
Added Net: Name=M_R_2
Added Pin To Net: NetName=M_R_3 Pin=P5-5
Added Pin To Net: NetName=M_R_3 Pin=P6-5
Added Net: Name=M_R_3
Added Pin To Net: NetName=M_R_4 Pin=P7-5
Added Pin To Net: NetName=M_R_4 Pin=P8-5
Added Net: Name=M_R_4
Added Pin To Net: NetName=M_R_5 Pin=P9-5
Added Pin To Net: NetName=M_R_5 Pin=P10-5
Added Net: Name=M_R_5
Added Pin To Net: NetName=M_R_6 Pin=P11-5
Added Pin To Net: NetName=M_R_6 Pin=P12-5
Added Net: Name=M_R_6
Added Pin To Net: NetName=M_R_7 Pin=P13-5
Added Pin To Net: NetName=M_R_7 Pin=P14-5
Added Net: Name=M_R_7
Added Pin To Net: NetName=M_R_8 Pin=P15-5
Added Pin To Net: NetName=M_R_8 Pin=P16-5
Added Net: Name=M_R_8
Added Pin To Net: NetName=M_R_9 Pin=P17-5
Added Pin To Net: NetName=M_R_9 Pin=P18-5
Added Net: Name=M_R_9
Added Pin To Net: NetName=M_R_10 Pin=P19-5
Added Pin To Net: NetName=M_R_10 Pin=P20-5
Added Net: Name=M_R_10
Added Pin To Net: NetName=M_R_11 Pin=P21-5
Added Pin To Net: NetName=M_R_11 Pin=P22-5
Added Net: Name=M_R_11
Added Pin To Net: NetName=M_R_12 Pin=P23-5
Added Pin To Net: NetName=M_R_12 Pin=P24-5
Added Net: Name=M_R_12
Added Pin To Net: NetName=M_R_13 Pin=P25-5
Added Pin To Net: NetName=M_R_13 Pin=P26-5
Added Net: Name=M_R_13
Added Pin To Net: NetName=M_R_14 Pin=P27-5
Added Pin To Net: NetName=M_R_14 Pin=P28-5
Added Net: Name=M_R_14
Added Pin To Net: NetName=M_R_15 Pin=P29-5
Added Pin To Net: NetName=M_R_15 Pin=P30-5
Added Net: Name=M_R_15
Added Pin To Net: NetName=M_R_16 Pin=P31-5
Added Pin To Net: NetName=M_R_16 Pin=P32-5
Added Net: Name=M_R_16
Added Pin To Net: NetName=VCC Pin=P1-1
Added Pin To Net: NetName=VCC Pin=P1-2
Added Pin To Net: NetName=VCC Pin=P2-1
Added Pin To Net: NetName=VCC Pin=P2-2
Added Pin To Net: NetName=VCC Pin=P3-1
Added Pin To Net: NetName=VCC Pin=P3-2
Added Pin To Net: NetName=VCC Pin=P4-1
Added Pin To Net: NetName=VCC Pin=P4-2
Added Pin To Net: NetName=VCC Pin=P5-1
Added Pin To Net: NetName=VCC Pin=P5-2
Added Pin To Net: NetName=VCC Pin=P6-1
Added Pin To Net: NetName=VCC Pin=P6-2
Added Pin To Net: NetName=VCC Pin=P7-1
Added Pin To Net: NetName=VCC Pin=P7-2
Added Pin To Net: NetName=VCC Pin=P8-1
Added Pin To Net: NetName=VCC Pin=P8-2
Added Pin To Net: NetName=VCC Pin=P9-1
Added Pin To Net: NetName=VCC Pin=P9-2
Added Pin To Net: NetName=VCC Pin=P10-1
Added Pin To Net: NetName=VCC Pin=P10-2
Added Pin To Net: NetName=VCC Pin=P11-1
Added Pin To Net: NetName=VCC Pin=P11-2
Added Pin To Net: NetName=VCC Pin=P12-1
Added Pin To Net: NetName=VCC Pin=P12-2
Added Pin To Net: NetName=VCC Pin=P13-1
Added Pin To Net: NetName=VCC Pin=P13-2
Added Pin To Net: NetName=VCC Pin=P14-1
Added Pin To Net: NetName=VCC Pin=P14-2
Added Pin To Net: NetName=VCC Pin=P15-1
Added Pin To Net: NetName=VCC Pin=P15-2
Added Pin To Net: NetName=VCC Pin=P16-1
Added Pin To Net: NetName=VCC Pin=P16-2
Added Pin To Net: NetName=VCC Pin=P17-1
Added Pin To Net: NetName=VCC Pin=P17-2
Added Pin To Net: NetName=VCC Pin=P18-1
Added Pin To Net: NetName=VCC Pin=P18-2
Added Pin To Net: NetName=VCC Pin=P19-1
Added Pin To Net: NetName=VCC Pin=P19-2
Added Pin To Net: NetName=VCC Pin=P20-1
Added Pin To Net: NetName=VCC Pin=P20-2
Added Pin To Net: NetName=VCC Pin=P21-1
Added Pin To Net: NetName=VCC Pin=P21-2
Added Pin To Net: NetName=VCC Pin=P22-1
Added Pin To Net: NetName=VCC Pin=P22-2
Added Pin To Net: NetName=VCC Pin=P23-1
Added Pin To Net: NetName=VCC Pin=P23-2
Added Pin To Net: NetName=VCC Pin=P24-1
Added Pin To Net: NetName=VCC Pin=P24-2
Added Pin To Net: NetName=VCC Pin=P25-1
Added Pin To Net: NetName=VCC Pin=P25-2
Added Pin To Net: NetName=VCC Pin=P26-1
Added Pin To Net: NetName=VCC Pin=P26-2
Added Pin To Net: NetName=VCC Pin=P27-1
Added Pin To Net: NetName=VCC Pin=P27-2
Added Pin To Net: NetName=VCC Pin=P28-1
Added Pin To Net: NetName=VCC Pin=P28-2
Added Pin To Net: NetName=VCC Pin=P29-1
Added Pin To Net: NetName=VCC Pin=P29-2
Added Pin To Net: NetName=VCC Pin=P30-1
Added Pin To Net: NetName=VCC Pin=P30-2
Added Pin To Net: NetName=VCC Pin=P31-1
Added Pin To Net: NetName=VCC Pin=P31-2
Added Pin To Net: NetName=VCC Pin=P32-1
Added Pin To Net: NetName=VCC Pin=P32-2
Added Net: Name=VCC
Added Class: Name=martix_connect_2
Added Class: Name=martix_connect
Added Room: Name=martix_connect
Added Room: Name=martix_connect_2
