Added Component: Designator=C8(0603_C)
Added Component: Designator=C9(0603_C)
Added Component: Designator=C10(0805_C)
Added Component: Designator=C11(0805_C)
Added Component: Designator=C12(0805_C)
Added Component: Designator=C13(0805_C)
Added Component: Designator=C14(0603_C)
Added Component: Designator=C15(0603_C)
Added Component: Designator=C16(0805_C)
Added Component: Designator=C17(0603_C)
Added Component: Designator=C18(0603_C)
Added Component: Designator=C19(0603_C)
Added Component: Designator=C20(0805_C)
Added Component: Designator=C21(0603_C)
Added Component: Designator=C22(0805_C)
Added Component: Designator=C23(0805_C)
Added Component: Designator=C24(0603_C)
Added Component: Designator=C25(0805_C)
Added Component: Designator=C26(0603_C)
Added Component: Designator=C27(0805_C)
Added Component: Designator=C28(0603_C)
Added Component: Designator=C29(0805_C)
Added Component: Designator=C30(0603_C)
Added Component: Designator=D4(SMA(DO-214AC)_S1)
Added Component: Designator=D5(SMA(DO-214AC)_S1)
Added Component: Designator=D6(SOD-323)
Added Component: Designator=D7(SMA(DO-214AC)_S1)
Added Component: Designator=FB1(0805_L)
Added Component: Designator=FB2(0805_L)
Added Component: Designator=J1(KLD-0202)
Added Component: Designator=JP1(XH2.54-LI-5P)
Added Component: Designator=L1(L_4030)
Added Component: Designator=MK1(PIN2)
Added Component: Designator=P2(TP)
Added Component: Designator=P3(TP)
Added Component: Designator=P4(FPC1.0-2H-WS-8P)
Added Component: Designator=P5(TP)
Added Component: Designator=P6(TP)
Added Component: Designator=R17(0603_R)
Added Component: Designator=R18(0603_R)
Added Component: Designator=R19(0603_R)
Added Component: Designator=R20(0603_R)
Added Component: Designator=R21(0603_R)
Added Component: Designator=R22(0603_R)
Added Component: Designator=R23(0603_R)
Added Component: Designator=R24(0603_R)
Added Component: Designator=R25(0805_R)
Added Component: Designator=R26(0603_R)
Added Component: Designator=R27(0603_R)
Added Component: Designator=R28(0603_R)
Added Component: Designator=R29(0603_R)
Added Component: Designator=S1(TSW SMD-3*6*2.5)
Added Component: Designator=U2(SOIC-8_150mil)
Added Component: Designator=U3(SOIC-16_150mil)
Added Component: Designator=U4(LQFP-48_7x7x05P)
Added Component: Designator=U5(SOT-23-6)
Added Component: Designator=USB1(MicroUSB)
Added Component: Designator=VR1(SOT-223)
Added Component: Designator=VR2(SOT-223)
Added Component: Designator=Y1(Y)
Added Component: Designator=Y2(SMD-5032_2P)
Added Pin To Net: NetName=GND Pin=C10-1
Added Pin To Net: NetName=GND Pin=C11-2
Added Pin To Net: NetName=GND Pin=C12-2
Added Pin To Net: NetName=GND Pin=C13-2
Added Pin To Net: NetName=GND Pin=C14-1
Added Pin To Net: NetName=GND Pin=C15-2
Added Pin To Net: NetName=GND Pin=C16-2
Added Pin To Net: NetName=GND Pin=C17-2
Added Pin To Net: NetName=GND Pin=C18-2
Added Pin To Net: NetName=GND Pin=C19-2
Added Pin To Net: NetName=GND Pin=C20-2
Added Pin To Net: NetName=GND Pin=C22-1
Added Pin To Net: NetName=GND Pin=C23-1
Added Pin To Net: NetName=GND Pin=C24-1
Added Pin To Net: NetName=GND Pin=C25-1
Added Pin To Net: NetName=GND Pin=C26-1
Added Pin To Net: NetName=GND Pin=C27-1
Added Pin To Net: NetName=GND Pin=C28-1
Added Pin To Net: NetName=GND Pin=C29-1
Added Pin To Net: NetName=GND Pin=C30-1
Added Pin To Net: NetName=GND Pin=FB2-1
Added Pin To Net: NetName=GND Pin=JP1-2
Added Pin To Net: NetName=GND Pin=MK1-1
Added Pin To Net: NetName=GND Pin=P4-1
Added Pin To Net: NetName=GND Pin=P4-3
Added Pin To Net: NetName=GND Pin=P4-7
Added Pin To Net: NetName=GND Pin=P6-1
Added Pin To Net: NetName=VCC Pin=R17-2
Added Pin To Net: NetName=VCC Pin=R18-2
Added Pin To Net: NetName=GND Pin=R21-1
Added Pin To Net: NetName=GND Pin=R23-2
Added Pin To Net: NetName=GND Pin=S1-2
Added Pin To Net: NetName=GND Pin=U2-4
Added Pin To Net: NetName=VCC Pin=U2-8
Added Pin To Net: NetName=GND Pin=U3-1
Added Pin To Net: NetName=GND Pin=U4-23
Added Pin To Net: NetName=GND Pin=U4-47
Added Pin To Net: NetName=GND Pin=USB1-0
Added Pin To Net: NetName=GND Pin=USB1-0
Added Pin To Net: NetName=GND Pin=USB1-0
Added Pin To Net: NetName=GND Pin=USB1-0
Added Pin To Net: NetName=GND Pin=USB1-5
Added Pin To Net: NetName=GND Pin=VR1-1
Added Pin To Net: NetName=GND Pin=VR2-1
Added Pin To Net: NetName=D+ Pin=U3-5
Added Pin To Net: NetName=D+ Pin=USB1-3
Added Net: Name=D+
Added Pin To Net: NetName=D- Pin=U3-6
Added Pin To Net: NetName=D- Pin=USB1-2
Added Net: Name=D-
Added Pin To Net: NetName=DATA_IN Pin=P4-2
Added Pin To Net: NetName=DATA_IN Pin=U4-17
Added Net: Name=DATA_IN
Added Pin To Net: NetName=DEBUG_RX Pin=R24-1
Added Pin To Net: NetName=DEBUG_RX Pin=U4-13
Added Net: Name=DEBUG_RX
Added Pin To Net: NetName=DEBUG_TX Pin=R22-1
Added Pin To Net: NetName=DEBUG_TX Pin=U4-12
Added Net: Name=DEBUG_TX
Added Pin To Net: NetName=GNDA Pin=FB2-2
Added Pin To Net: NetName=GNDA Pin=U4-8
Added Net: Name=GNDA
Added Pin To Net: NetName=NetC8_1 Pin=C8-1
Added Pin To Net: NetName=NetC8_1 Pin=MK1-2
Added Pin To Net: NetName=NetC8_1 Pin=R17-1
Added Net: Name=NetC8_1
Added Pin To Net: NetName=NetC8_2 Pin=C8-2
Added Pin To Net: NetName=NetC8_2 Pin=R20-1
Added Net: Name=NetC8_2
Added Pin To Net: NetName=NetC9_1 Pin=C9-1
Added Pin To Net: NetName=NetC9_1 Pin=R19-1
Added Pin To Net: NetName=NetC9_1 Pin=U2-1
Added Net: Name=NetC9_1
Added Pin To Net: NetName=NetC10_2 Pin=C10-2
Added Pin To Net: NetName=NetC10_2 Pin=U3-4
Added Net: Name=NetC10_2
Added Pin To Net: NetName=NetC11_1 Pin=C11-1
Added Pin To Net: NetName=NetC11_1 Pin=U3-7
Added Pin To Net: NetName=NetC11_1 Pin=Y1-1
Added Net: Name=NetC11_1
Added Pin To Net: NetName=NetC12_1 Pin=C12-1
Added Pin To Net: NetName=NetC12_1 Pin=U3-8
Added Pin To Net: NetName=NetC12_1 Pin=Y1-2
Added Net: Name=NetC12_1
Added Pin To Net: NetName=NetC21_1 Pin=C21-1
Added Pin To Net: NetName=NetC21_1 Pin=D6-2
Added Pin To Net: NetName=NetC21_1 Pin=U5-1
Added Net: Name=NetC21_1
Added Pin To Net: NetName=NetC21_2 Pin=C21-2
Added Pin To Net: NetName=NetC21_2 Pin=D7-2
Added Pin To Net: NetName=NetC21_2 Pin=L1-1
Added Pin To Net: NetName=NetC21_2 Pin=U5-6
Added Net: Name=NetC21_2
Added Pin To Net: NetName=NetD5_1 Pin=D5-1
Added Pin To Net: NetName=NetD5_1 Pin=J1-1
Added Pin To Net: NetName=NetD5_1 Pin=J1-1A
Added Pin To Net: NetName=NetD5_1 Pin=J1-1B
Added Net: Name=NetD5_1
Added Pin To Net: NetName=NetD5_2 Pin=D5-2
Added Net: Name=NetD5_2
Added Pin To Net: NetName=NetJ1_2 Pin=J1-2
Added Pin To Net: NetName=NetJ1_2 Pin=J1-2A
Added Pin To Net: NetName=NetJ1_2 Pin=J1-2B
Added Net: Name=NetJ1_2
Added Pin To Net: NetName=NetJ1_3 Pin=J1-3
Added Pin To Net: NetName=NetJ1_3 Pin=J1-3A
Added Pin To Net: NetName=NetJ1_3 Pin=J1-3B
Added Net: Name=NetJ1_3
Added Pin To Net: NetName=NetR18_1 Pin=R18-1
Added Pin To Net: NetName=NetR18_1 Pin=R21-2
Added Pin To Net: NetName=NetR18_1 Pin=U2-3
Added Net: Name=NetR18_1
Added Pin To Net: NetName=NetR19_2 Pin=R19-2
Added Pin To Net: NetName=NetR19_2 Pin=R20-2
Added Pin To Net: NetName=NetR19_2 Pin=U2-2
Added Net: Name=NetR19_2
Added Pin To Net: NetName=NetR22_2 Pin=R22-2
Added Pin To Net: NetName=NetR22_2 Pin=U3-2
Added Net: Name=NetR22_2
Added Pin To Net: NetName=NetR23_1 Pin=R23-1
Added Pin To Net: NetName=NetR23_1 Pin=U4-44
Added Net: Name=NetR23_1
Added Pin To Net: NetName=NetR24_2 Pin=R24-2
Added Pin To Net: NetName=NetR24_2 Pin=U3-3
Added Net: Name=NetR24_2
Added Pin To Net: NetName=NetR26_1 Pin=R26-1
Added Pin To Net: NetName=NetR26_1 Pin=U5-4
Added Net: Name=NetR26_1
Added Pin To Net: NetName=NetR27_1 Pin=R27-1
Added Pin To Net: NetName=NetR27_1 Pin=R28-2
Added Net: Name=NetR27_1
Added Pin To Net: NetName=NetR28_1 Pin=R28-1
Added Pin To Net: NetName=NetR28_1 Pin=R29-1
Added Pin To Net: NetName=NetR28_1 Pin=U5-3
Added Net: Name=NetR28_1
Added Pin To Net: NetName=NRST Pin=C14-2
Added Pin To Net: NetName=NRST Pin=JP1-5
Added Pin To Net: NetName=NRST Pin=R25-1
Added Pin To Net: NetName=NRST Pin=S1-1
Added Pin To Net: NetName=NRST Pin=U4-7
Added Net: Name=NRST
Added Pin To Net: NetName=OSC_IN Pin=C13-1
Added Pin To Net: NetName=OSC_IN Pin=U4-5
Added Pin To Net: NetName=OSC_IN Pin=Y2-1
Added Net: Name=OSC_IN
Added Pin To Net: NetName=OSC_OUT Pin=C16-1
Added Pin To Net: NetName=OSC_OUT Pin=U4-6
Added Pin To Net: NetName=OSC_OUT Pin=Y2-2
Added Net: Name=OSC_OUT
Added Pin To Net: NetName=SGND Pin=D7-1
Added Pin To Net: NetName=SGND Pin=R27-2
Added Pin To Net: NetName=SGND Pin=U5-2
Added Net: Name=SGND
Added Pin To Net: NetName=SWD_CLK Pin=JP1-4
Added Pin To Net: NetName=SWD_CLK Pin=P3-1
Added Pin To Net: NetName=SWD_CLK Pin=U4-37
Added Net: Name=SWD_CLK
Added Pin To Net: NetName=SWD_DIO Pin=JP1-3
Added Pin To Net: NetName=SWD_DIO Pin=P2-1
Added Pin To Net: NetName=SWD_DIO Pin=U4-34
Added Net: Name=SWD_DIO
Added Pin To Net: NetName=UART1_RXD Pin=P4-5
Added Pin To Net: NetName=UART1_RXD Pin=U4-30
Added Net: Name=UART1_RXD
Added Pin To Net: NetName=UART1_TXD Pin=P4-6
Added Pin To Net: NetName=UART1_TXD Pin=U4-29
Added Net: Name=UART1_TXD
Added Pin To Net: NetName=V3.3 Pin=C15-1
Added Pin To Net: NetName=V3.3 Pin=C17-1
Added Pin To Net: NetName=V3.3 Pin=C18-1
Added Pin To Net: NetName=V3.3 Pin=C19-1
Added Pin To Net: NetName=V3.3 Pin=C25-2
Added Pin To Net: NetName=V3.3 Pin=C26-2
Added Pin To Net: NetName=V3.3 Pin=C29-2
Added Pin To Net: NetName=V3.3 Pin=C30-2
Added Pin To Net: NetName=V3.3 Pin=FB1-1
Added Pin To Net: NetName=V3.3 Pin=JP1-1
Added Pin To Net: NetName=V3.3 Pin=P5-1
Added Pin To Net: NetName=V3.3 Pin=R25-2
Added Pin To Net: NetName=V3.3 Pin=U4-1
Added Pin To Net: NetName=V3.3 Pin=U4-24
Added Pin To Net: NetName=V3.3 Pin=U4-48
Added Pin To Net: NetName=V3.3 Pin=VR1-2
Added Pin To Net: NetName=V3.3 Pin=VR1-2
Added Pin To Net: NetName=V3.3 Pin=VR2-2
Added Pin To Net: NetName=V3.3 Pin=VR2-2
Added Net: Name=V3.3
Added Pin To Net: NetName=V5.0 Pin=U3-16
Added Pin To Net: NetName=V5.0 Pin=USB1-1
Added Net: Name=V5.0
Added Pin To Net: NetName=V12 Pin=D4-1
Added Pin To Net: NetName=V12 Pin=P4-4
Added Pin To Net: NetName=V12 Pin=P4-8
Added Net: Name=V12
Added Pin To Net: NetName=VBUS Pin=C22-2
Added Pin To Net: NetName=VBUS Pin=D4-2
Added Pin To Net: NetName=VBUS Pin=R26-2
Added Pin To Net: NetName=VBUS Pin=U5-5
Added Net: Name=VBUS
Added Pin To Net: NetName=VDD_5.0 Pin=C20-1
Added Pin To Net: NetName=VDD_5.0 Pin=C23-2
Added Pin To Net: NetName=VDD_5.0 Pin=C24-2
Added Pin To Net: NetName=VDD_5.0 Pin=C27-2
Added Pin To Net: NetName=VDD_5.0 Pin=C28-2
Added Pin To Net: NetName=VDD_5.0 Pin=D6-1
Added Pin To Net: NetName=VDD_5.0 Pin=L1-2
Added Pin To Net: NetName=VDD_5.0 Pin=R29-2
Added Pin To Net: NetName=VDD_5.0 Pin=VR1-3
Added Pin To Net: NetName=VDD_5.0 Pin=VR2-3
Added Net: Name=VDD_5.0
Added Pin To Net: NetName=VDDA Pin=FB1-2
Added Pin To Net: NetName=VDDA Pin=U4-9
Added Net: Name=VDDA
Added Pin To Net: NetName=VOICE Pin=C9-2
Added Pin To Net: NetName=VOICE Pin=U4-10
Added Net: Name=VOICE
Added Class: Name=fft
Added Class: Name=power
Added Class: Name=voice
Added Room: Name=F44
Added Room: Name=fft
Added Room: Name=power
Added Room: Name=voice
