Added Class: Name=fft
Added Class: Name=power
Added Class: Name=voice
Added Member To Class: ClassName=F44 Member=Component C1 100nF (104) 10% 50V
Added Member To Class: ClassName=F44 Member=Component C4 100nF (104) 10% 50V
Added Member To Class: ClassName=F44 Member=Component C5 100nF (104) 10% 50V
Added Member To Class: ClassName=F44 Member=Component C6 100nF (104) 10% 50V
Added Member To Class: ClassName=F44 Member=Component C7 470pF (471) 10% 50V
Added Member To Class: ClassName=F44 Member=Component D1 1N4148WS T4
Added Member To Class: ClassName=F44 Member=Component D2 蟯腑 0603
Added Member To Class: ClassName=F44 Member=Component D3 懦腑 0603
Added Member To Class: ClassName=F44 Member=Component P1 Header 2
Added Member To Class: ClassName=F44 Member=Component Px1 Header 10
Added Member To Class: ClassName=F44 Member=Component Py1 Header 12
Added Member To Class: ClassName=F44 Member=Component Q1 SS8050 Y1
Added Member To Class: ClassName=F44 Member=Component R1 47K次 (4702) ㊣1%
Added Member To Class: ClassName=F44 Member=Component R2 47K次 (4702) ㊣1%
Added Member To Class: ClassName=F44 Member=Component R3 47K次 (4702) ㊣1%
Added Member To Class: ClassName=F44 Member=Component R4 47K次 (4702) ㊣1%
Added Member To Class: ClassName=F44 Member=Component R5 47K次 (4702) ㊣1%
Added Member To Class: ClassName=F44 Member=Component R6 47K次 (4702) ㊣1%
Added Member To Class: ClassName=F44 Member=Component R7 47K次 (4702) ㊣1%
Added Member To Class: ClassName=F44 Member=Component R8 47K次 (4702) ㊣1%
Added Member To Class: ClassName=F44 Member=Component R9 270K次 (2703) ㊣1%
Added Member To Class: ClassName=F44 Member=Component R10 10K次 (1002) ㊣1%
Added Member To Class: ClassName=F44 Member=Component R11 100K次 (1003) ㊣1%
Added Member To Class: ClassName=F44 Member=Component R12 47K次 (4702) ㊣1%
Added Member To Class: ClassName=F44 Member=Component R13 10K次 (1002) ㊣1%
Added Member To Class: ClassName=F44 Member=Component R14 10K次 (1002) ㊣1%
Added Member To Class: ClassName=F44 Member=Component R15 220次 (2200) ㊣1%
Added Member To Class: ClassName=F44 Member=Component R16 220次 (2200) ㊣1%
Added Member To Class: ClassName=F44 Member=Component U1 F44_Piano
