Removed Pin From Net: NetName=VCC Pin=C1-2
Removed Pin From Net: NetName=VCC Pin=C2-1
Removed Pin From Net: NetName=VCC Pin=C3-1
Removed Pin From Net: NetName=VCC Pin=C4-1
Removed Pin From Net: NetName=VCC Pin=Px1-2
Removed Pin From Net: NetName=VCC Pin=R1-2
Removed Pin From Net: NetName=VCC Pin=R2-2
Removed Pin From Net: NetName=VCC Pin=R3-2
Removed Pin From Net: NetName=VCC Pin=R4-2
Removed Pin From Net: NetName=VCC Pin=R5-2
Removed Pin From Net: NetName=VCC Pin=R6-2
Removed Pin From Net: NetName=VCC Pin=R7-2
Removed Pin From Net: NetName=VCC Pin=R8-2
Removed Pin From Net: NetName=VCC Pin=R9-2
Removed Pin From Net: NetName=VCC Pin=U1-27
Removed Pin From Net: NetName=VCC Pin=U1-40
Removed Pin From Net: NetName=VCC Pin=U1-43
Added Pin To Net: NetName=V3.3 Pin=C1-2
Added Pin To Net: NetName=V3.3 Pin=C2-1
Added Pin To Net: NetName=V3.3 Pin=C3-1
Added Pin To Net: NetName=V3.3 Pin=C4-1
Added Pin To Net: NetName=V3.3 Pin=Px1-2
Added Pin To Net: NetName=V3.3 Pin=R1-2
Added Pin To Net: NetName=V3.3 Pin=R2-2
Added Pin To Net: NetName=V3.3 Pin=R3-2
Added Pin To Net: NetName=V3.3 Pin=R4-2
Added Pin To Net: NetName=V3.3 Pin=R5-2
Added Pin To Net: NetName=V3.3 Pin=R6-2
Added Pin To Net: NetName=V3.3 Pin=R7-2
Added Pin To Net: NetName=V3.3 Pin=R8-2
Added Pin To Net: NetName=V3.3 Pin=R9-2
Added Pin To Net: NetName=V3.3 Pin=U1-27
Added Pin To Net: NetName=V3.3 Pin=U1-40
Added Pin To Net: NetName=V3.3 Pin=U1-43
