Removed Pin From Net: NetName=GND Pin=P1-1
Removed Pin From Net: NetName=GND Pin=P1-2
Removed Pin From Net: NetName=VCC_+12V Pin=P1-3
Removed Pin From Net: NetName=GND Pin=P2-1
Removed Pin From Net: NetName=VCC_+12V Pin=P2-3
Removed Pin From Net: NetName=GND Pin=P3-1
Removed Pin From Net: NetName=VCC_+12V Pin=P3-3
Removed Pin From Net: NetName=GND Pin=P4-1
Removed Pin From Net: NetName=VCC_+12V Pin=P4-3
Removed Pin From Net: NetName=GND Pin=P5-1
Removed Pin From Net: NetName=VCC_+12V Pin=P5-3
Removed Pin From Net: NetName=GND Pin=P6-1
Removed Pin From Net: NetName=VCC_+12V Pin=P6-3
Change Component Designator: OldDesignator=P5 NewDesignator=P1
Added Component: Designator=P5(DC-005)
Added Pin To Net: NetName=VCC_+12V Pin=P1-1
Added Pin To Net: NetName=GND Pin=P1-3
Added Pin To Net: NetName=VCC_+12V Pin=P2-1
Added Pin To Net: NetName=GND Pin=P2-3
Added Pin To Net: NetName=VCC_+12V Pin=P3-1
Added Pin To Net: NetName=GND Pin=P3-3
Added Pin To Net: NetName=VCC_+12V Pin=P4-1
Added Pin To Net: NetName=GND Pin=P4-3
Added Pin To Net: NetName=VCC_+12V Pin=P5-1
Added Pin To Net: NetName=GND Pin=P5-2
Added Pin To Net: NetName=GND Pin=P5-3
Added Pin To Net: NetName=VCC_+12V Pin=P6-1
Added Pin To Net: NetName=GND Pin=P6-3
