Added Component: Designator=C1(8X12_CAP)
Added Component: Designator=C2(8X12_CAP)
Added Component: Designator=C3(8X12_CAP)
Added Component: Designator=C4(8X12_CAP)
Added Component: Designator=C5(8X12_CAP)
Added Component: Designator=C6(8X12_CAP)
Added Component: Designator=P1(DC-005)
Added Component: Designator=P2(DC-005)
Added Component: Designator=P3(DC-005)
Added Component: Designator=P4(DC-005)
Added Component: Designator=P5(DC-005)
Added Component: Designator=P6(DC-005)
Added Pin To Net: NetName=GND Pin=C1-2
Added Pin To Net: NetName=GND Pin=C2-2
Added Pin To Net: NetName=GND Pin=C3-2
Added Pin To Net: NetName=GND Pin=C4-2
Added Pin To Net: NetName=GND Pin=C5-2
Added Pin To Net: NetName=GND Pin=C6-2
Added Pin To Net: NetName=GND Pin=P1-1
Added Pin To Net: NetName=GND Pin=P1-2
Added Pin To Net: NetName=GND Pin=P2-1
Added Pin To Net: NetName=GND Pin=P2-2
Added Pin To Net: NetName=GND Pin=P3-1
Added Pin To Net: NetName=GND Pin=P3-2
Added Pin To Net: NetName=GND Pin=P4-1
Added Pin To Net: NetName=GND Pin=P4-2
Added Pin To Net: NetName=GND Pin=P5-1
Added Pin To Net: NetName=GND Pin=P5-2
Added Pin To Net: NetName=GND Pin=P6-1
Added Pin To Net: NetName=GND Pin=P6-2
Added Net: Name=GND
Added Pin To Net: NetName=VCC_+12V Pin=C1-1
Added Pin To Net: NetName=VCC_+12V Pin=C2-1
Added Pin To Net: NetName=VCC_+12V Pin=C3-1
Added Pin To Net: NetName=VCC_+12V Pin=C4-1
Added Pin To Net: NetName=VCC_+12V Pin=C5-1
Added Pin To Net: NetName=VCC_+12V Pin=C6-1
Added Pin To Net: NetName=VCC_+12V Pin=P1-3
Added Pin To Net: NetName=VCC_+12V Pin=P2-3
Added Pin To Net: NetName=VCC_+12V Pin=P3-3
Added Pin To Net: NetName=VCC_+12V Pin=P4-3
Added Pin To Net: NetName=VCC_+12V Pin=P5-3
Added Pin To Net: NetName=VCC_+12V Pin=P6-3
Added Net: Name=VCC_+12V
Added Class: Name=Sheet1
