Change Component Designator: OldDesignator=D2 NewDesignator=D7
Change Component Designator: OldDesignator=D3 NewDesignator=D2
Change Component Designator: OldDesignator=D4 NewDesignator=D8
Change Component Designator: OldDesignator=D5 NewDesignator=D3
Change Component Designator: OldDesignator=D6 NewDesignator=D9
Change Component Designator: OldDesignator=D7 NewDesignator=D4
Change Component Designator: OldDesignator=D8 NewDesignator=D10
Change Component Designator: OldDesignator=D9 NewDesignator=D5
Change Component Designator: OldDesignator=D10 NewDesignator=D11
Change Component Designator: OldDesignator=D11 NewDesignator=D6
Change Component Designator: OldDesignator=P5 NewDesignator=P12
Change Component Designator: OldDesignator=P6 NewDesignator=P11
Change Component Designator: OldDesignator=P7 NewDesignator=P10
Change Component Designator: OldDesignator=P8 NewDesignator=P9
Change Component Designator: OldDesignator=P9 NewDesignator=P8
Change Component Designator: OldDesignator=P10 NewDesignator=P7
Change Component Designator: OldDesignator=P11 NewDesignator=P6
Change Component Designator: OldDesignator=P12 NewDesignator=P5
Change Component Designator: OldDesignator=P21 NewDesignator=P28
Change Component Designator: OldDesignator=P22 NewDesignator=P27
Change Component Designator: OldDesignator=P23 NewDesignator=P26
Change Component Designator: OldDesignator=P24 NewDesignator=P25
Change Component Designator: OldDesignator=P25 NewDesignator=P24
Change Component Designator: OldDesignator=P26 NewDesignator=P23
Change Component Designator: OldDesignator=P27 NewDesignator=P22
Change Component Designator: OldDesignator=P28 NewDesignator=P21
Change Component Designator: OldDesignator=P37 NewDesignator=P44
Change Component Designator: OldDesignator=P38 NewDesignator=P43
Change Component Designator: OldDesignator=P39 NewDesignator=P42
Change Component Designator: OldDesignator=P40 NewDesignator=P41
Change Component Designator: OldDesignator=P41 NewDesignator=P40
Change Component Designator: OldDesignator=P42 NewDesignator=P39
Change Component Designator: OldDesignator=P43 NewDesignator=P38
Change Component Designator: OldDesignator=P44 NewDesignator=P37
Change Component Designator: OldDesignator=P53 NewDesignator=P60
Change Component Designator: OldDesignator=P54 NewDesignator=P59
Change Component Designator: OldDesignator=P55 NewDesignator=P58
Change Component Designator: OldDesignator=P56 NewDesignator=P57
Change Component Designator: OldDesignator=P57 NewDesignator=P56
Change Component Designator: OldDesignator=P58 NewDesignator=P55
Change Component Designator: OldDesignator=P59 NewDesignator=P54
Change Component Designator: OldDesignator=P60 NewDesignator=P53
Change Component Designator: OldDesignator=P69 NewDesignator=P76
Change Component Designator: OldDesignator=P70 NewDesignator=P75
Change Component Designator: OldDesignator=P71 NewDesignator=P74
Change Component Designator: OldDesignator=P72 NewDesignator=P73
Change Component Designator: OldDesignator=P73 NewDesignator=P72
Change Component Designator: OldDesignator=P74 NewDesignator=P71
Change Component Designator: OldDesignator=P75 NewDesignator=P70
Change Component Designator: OldDesignator=P76 NewDesignator=P69
Change Component Designator: OldDesignator=Px NewDesignator=Px1
Change Component Designator: OldDesignator=Py NewDesignator=Py1
Change Component Designator: OldDesignator=Q5 NewDesignator=Q45
Change Component Designator: OldDesignator=Q6 NewDesignator=Q46
Change Component Designator: OldDesignator=Q7 NewDesignator=Q47
Change Component Designator: OldDesignator=Q8 NewDesignator=Q48
Change Component Designator: OldDesignator=Q9 NewDesignator=Q49
Change Component Designator: OldDesignator=Q10 NewDesignator=Q50
Change Component Designator: OldDesignator=Q11 NewDesignator=Q51
Change Component Designator: OldDesignator=Q12 NewDesignator=Q52
Change Component Designator: OldDesignator=Q13 NewDesignator=Q5
Change Component Designator: OldDesignator=Q14 NewDesignator=Q6
Change Component Designator: OldDesignator=Q15 NewDesignator=Q7
Change Component Designator: OldDesignator=Q16 NewDesignator=Q8
Change Component Designator: OldDesignator=Q17 NewDesignator=Q9
Change Component Designator: OldDesignator=Q18 NewDesignator=Q10
Change Component Designator: OldDesignator=Q19 NewDesignator=Q11
Change Component Designator: OldDesignator=Q20 NewDesignator=Q12
Change Component Designator: OldDesignator=Q21 NewDesignator=Q53
Change Component Designator: OldDesignator=Q22 NewDesignator=Q54
Change Component Designator: OldDesignator=Q23 NewDesignator=Q55
Change Component Designator: OldDesignator=Q24 NewDesignator=Q56
Change Component Designator: OldDesignator=Q25 NewDesignator=Q57
Change Component Designator: OldDesignator=Q26 NewDesignator=Q58
Change Component Designator: OldDesignator=Q27 NewDesignator=Q59
Change Component Designator: OldDesignator=Q28 NewDesignator=Q60
Change Component Designator: OldDesignator=Q29 NewDesignator=Q13
Change Component Designator: OldDesignator=Q30 NewDesignator=Q14
Change Component Designator: OldDesignator=Q31 NewDesignator=Q15
Change Component Designator: OldDesignator=Q32 NewDesignator=Q16
Change Component Designator: OldDesignator=Q33 NewDesignator=Q17
Change Component Designator: OldDesignator=Q34 NewDesignator=Q18
Change Component Designator: OldDesignator=Q35 NewDesignator=Q19
Change Component Designator: OldDesignator=Q36 NewDesignator=Q20
Change Component Designator: OldDesignator=Q37 NewDesignator=Q61
Change Component Designator: OldDesignator=Q38 NewDesignator=Q62
Change Component Designator: OldDesignator=Q39 NewDesignator=Q63
Change Component Designator: OldDesignator=Q40 NewDesignator=Q64
Change Component Designator: OldDesignator=Q41 NewDesignator=Q65
Change Component Designator: OldDesignator=Q42 NewDesignator=Q66
Change Component Designator: OldDesignator=Q43 NewDesignator=Q67
Change Component Designator: OldDesignator=Q44 NewDesignator=Q68
Change Component Designator: OldDesignator=Q45 NewDesignator=Q21
Change Component Designator: OldDesignator=Q46 NewDesignator=Q22
Change Component Designator: OldDesignator=Q47 NewDesignator=Q23
Change Component Designator: OldDesignator=Q48 NewDesignator=Q24
Change Component Designator: OldDesignator=Q49 NewDesignator=Q25
Change Component Designator: OldDesignator=Q50 NewDesignator=Q26
Change Component Designator: OldDesignator=Q51 NewDesignator=Q27
Change Component Designator: OldDesignator=Q52 NewDesignator=Q28
Change Component Designator: OldDesignator=Q53 NewDesignator=Q69
Change Component Designator: OldDesignator=Q54 NewDesignator=Q70
Change Component Designator: OldDesignator=Q55 NewDesignator=Q71
Change Component Designator: OldDesignator=Q56 NewDesignator=Q72
Change Component Designator: OldDesignator=Q57 NewDesignator=Q73
Change Component Designator: OldDesignator=Q58 NewDesignator=Q74
Change Component Designator: OldDesignator=Q59 NewDesignator=Q75
Change Component Designator: OldDesignator=Q60 NewDesignator=Q76
Change Component Designator: OldDesignator=Q61 NewDesignator=Q29
Change Component Designator: OldDesignator=Q62 NewDesignator=Q30
Change Component Designator: OldDesignator=Q63 NewDesignator=Q31
Change Component Designator: OldDesignator=Q64 NewDesignator=Q32
Change Component Designator: OldDesignator=Q65 NewDesignator=Q33
Change Component Designator: OldDesignator=Q66 NewDesignator=Q34
Change Component Designator: OldDesignator=Q67 NewDesignator=Q35
Change Component Designator: OldDesignator=Q68 NewDesignator=Q36
Change Component Designator: OldDesignator=Q69 NewDesignator=Q77
Change Component Designator: OldDesignator=Q70 NewDesignator=Q78
Change Component Designator: OldDesignator=Q71 NewDesignator=Q79
Change Component Designator: OldDesignator=Q72 NewDesignator=Q80
Change Component Designator: OldDesignator=Q73 NewDesignator=Q81
Change Component Designator: OldDesignator=Q74 NewDesignator=Q82
Change Component Designator: OldDesignator=Q75 NewDesignator=Q83
Change Component Designator: OldDesignator=Q76 NewDesignator=Q84
Change Component Designator: OldDesignator=Q77 NewDesignator=Q37
Change Component Designator: OldDesignator=Q78 NewDesignator=Q38
Change Component Designator: OldDesignator=Q79 NewDesignator=Q39
Change Component Designator: OldDesignator=Q80 NewDesignator=Q40
Change Component Designator: OldDesignator=Q81 NewDesignator=Q41
Change Component Designator: OldDesignator=Q82 NewDesignator=Q42
Change Component Designator: OldDesignator=Q83 NewDesignator=Q43
Change Component Designator: OldDesignator=Q84 NewDesignator=Q44
Change Component Designator: OldDesignator=R5 NewDesignator=R45
Change Component Designator: OldDesignator=R6 NewDesignator=R46
Change Component Designator: OldDesignator=R7 NewDesignator=R47
Change Component Designator: OldDesignator=R8 NewDesignator=R48
Change Component Designator: OldDesignator=R9 NewDesignator=R49
Change Component Designator: OldDesignator=R10 NewDesignator=R50
Change Component Designator: OldDesignator=R11 NewDesignator=R51
Change Component Designator: OldDesignator=R12 NewDesignator=R52
Change Component Designator: OldDesignator=R13 NewDesignator=R5
Change Component Designator: OldDesignator=R14 NewDesignator=R6
Change Component Designator: OldDesignator=R15 NewDesignator=R7
Change Component Designator: OldDesignator=R16 NewDesignator=R8
Change Component Designator: OldDesignator=R17 NewDesignator=R9
Change Component Designator: OldDesignator=R18 NewDesignator=R10
Change Component Designator: OldDesignator=R19 NewDesignator=R11
Change Component Designator: OldDesignator=R20 NewDesignator=R12
Change Component Designator: OldDesignator=R21 NewDesignator=R53
Change Component Designator: OldDesignator=R22 NewDesignator=R54
Change Component Designator: OldDesignator=R23 NewDesignator=R55
Change Component Designator: OldDesignator=R24 NewDesignator=R56
Change Component Designator: OldDesignator=R25 NewDesignator=R57
Change Component Designator: OldDesignator=R26 NewDesignator=R58
Change Component Designator: OldDesignator=R27 NewDesignator=R59
Change Component Designator: OldDesignator=R28 NewDesignator=R60
Change Component Designator: OldDesignator=R29 NewDesignator=R13
Change Component Designator: OldDesignator=R30 NewDesignator=R14
Change Component Designator: OldDesignator=R31 NewDesignator=R15
Change Component Designator: OldDesignator=R32 NewDesignator=R16
Change Component Designator: OldDesignator=R33 NewDesignator=R17
Change Component Designator: OldDesignator=R34 NewDesignator=R18
Change Component Designator: OldDesignator=R35 NewDesignator=R19
Change Component Designator: OldDesignator=R36 NewDesignator=R20
Change Component Designator: OldDesignator=R37 NewDesignator=R61
Change Component Designator: OldDesignator=R38 NewDesignator=R62
Change Component Designator: OldDesignator=R39 NewDesignator=R63
Change Component Designator: OldDesignator=R40 NewDesignator=R64
Change Component Designator: OldDesignator=R41 NewDesignator=R65
Change Component Designator: OldDesignator=R42 NewDesignator=R66
Change Component Designator: OldDesignator=R43 NewDesignator=R67
Change Component Designator: OldDesignator=R44 NewDesignator=R68
Change Component Designator: OldDesignator=R45 NewDesignator=R21
Change Component Designator: OldDesignator=R46 NewDesignator=R22
Change Component Designator: OldDesignator=R47 NewDesignator=R23
Change Component Designator: OldDesignator=R48 NewDesignator=R24
Change Component Designator: OldDesignator=R49 NewDesignator=R25
Change Component Designator: OldDesignator=R50 NewDesignator=R26
Change Component Designator: OldDesignator=R51 NewDesignator=R27
Change Component Designator: OldDesignator=R52 NewDesignator=R28
Change Component Designator: OldDesignator=R53 NewDesignator=R69
Change Component Designator: OldDesignator=R54 NewDesignator=R70
Change Component Designator: OldDesignator=R55 NewDesignator=R71
Change Component Designator: OldDesignator=R56 NewDesignator=R72
Change Component Designator: OldDesignator=R57 NewDesignator=R73
Change Component Designator: OldDesignator=R58 NewDesignator=R74
Change Component Designator: OldDesignator=R59 NewDesignator=R75
Change Component Designator: OldDesignator=R60 NewDesignator=R76
Change Component Designator: OldDesignator=R61 NewDesignator=R29
Change Component Designator: OldDesignator=R62 NewDesignator=R30
Change Component Designator: OldDesignator=R63 NewDesignator=R31
Change Component Designator: OldDesignator=R64 NewDesignator=R32
Change Component Designator: OldDesignator=R65 NewDesignator=R33
Change Component Designator: OldDesignator=R66 NewDesignator=R34
Change Component Designator: OldDesignator=R67 NewDesignator=R35
Change Component Designator: OldDesignator=R68 NewDesignator=R36
Change Component Designator: OldDesignator=R69 NewDesignator=R77
Change Component Designator: OldDesignator=R70 NewDesignator=R78
Change Component Designator: OldDesignator=R71 NewDesignator=R79
Change Component Designator: OldDesignator=R72 NewDesignator=R80
Change Component Designator: OldDesignator=R73 NewDesignator=R81
Change Component Designator: OldDesignator=R74 NewDesignator=R82
Change Component Designator: OldDesignator=R75 NewDesignator=R83
Change Component Designator: OldDesignator=R76 NewDesignator=R84
Change Component Designator: OldDesignator=R77 NewDesignator=R37
Change Component Designator: OldDesignator=R78 NewDesignator=R38
Change Component Designator: OldDesignator=R79 NewDesignator=R39
Change Component Designator: OldDesignator=R80 NewDesignator=R40
Change Component Designator: OldDesignator=R81 NewDesignator=R41
Change Component Designator: OldDesignator=R82 NewDesignator=R42
Change Component Designator: OldDesignator=R83 NewDesignator=R43
Change Component Designator: OldDesignator=R84 NewDesignator=R44
Change Component Designator: OldDesignator=R89 NewDesignator=R96
Change Component Designator: OldDesignator=R90 NewDesignator=R95
Change Component Designator: OldDesignator=R91 NewDesignator=R94
Change Component Designator: OldDesignator=R92 NewDesignator=R93
Change Component Designator: OldDesignator=R93 NewDesignator=R92
Change Component Designator: OldDesignator=R94 NewDesignator=R91
Change Component Designator: OldDesignator=R95 NewDesignator=R90
Change Component Designator: OldDesignator=R96 NewDesignator=R89
Change Component Designator: OldDesignator=R105 NewDesignator=R112
Change Component Designator: OldDesignator=R106 NewDesignator=R111
Change Component Designator: OldDesignator=R107 NewDesignator=R110
Change Component Designator: OldDesignator=R108 NewDesignator=R109
Change Component Designator: OldDesignator=R109 NewDesignator=R108
Change Component Designator: OldDesignator=R110 NewDesignator=R107
Change Component Designator: OldDesignator=R111 NewDesignator=R106
Change Component Designator: OldDesignator=R112 NewDesignator=R105
Change Component Designator: OldDesignator=R121 NewDesignator=R128
Change Component Designator: OldDesignator=R122 NewDesignator=R127
Change Component Designator: OldDesignator=R123 NewDesignator=R126
Change Component Designator: OldDesignator=R124 NewDesignator=R125
Change Component Designator: OldDesignator=R125 NewDesignator=R124
Change Component Designator: OldDesignator=R126 NewDesignator=R123
Change Component Designator: OldDesignator=R127 NewDesignator=R122
Change Component Designator: OldDesignator=R128 NewDesignator=R121
Change Component Designator: OldDesignator=R137 NewDesignator=R144
Change Component Designator: OldDesignator=R138 NewDesignator=R143
Change Component Designator: OldDesignator=R139 NewDesignator=R142
Change Component Designator: OldDesignator=R140 NewDesignator=R141
Change Component Designator: OldDesignator=R141 NewDesignator=R140
Change Component Designator: OldDesignator=R142 NewDesignator=R139
Change Component Designator: OldDesignator=R143 NewDesignator=R138
Change Component Designator: OldDesignator=R144 NewDesignator=R137
Change Component Designator: OldDesignator=R153 NewDesignator=R160
Change Component Designator: OldDesignator=R154 NewDesignator=R159
Change Component Designator: OldDesignator=R155 NewDesignator=R158
Change Component Designator: OldDesignator=R156 NewDesignator=R157
Change Component Designator: OldDesignator=R157 NewDesignator=R156
Change Component Designator: OldDesignator=R158 NewDesignator=R155
Change Component Designator: OldDesignator=R159 NewDesignator=R154
Change Component Designator: OldDesignator=R160 NewDesignator=R153
Change Net Name : Old Net Name=NetD2_1 New Net Name=NetD7_1
Change Net Name : Old Net Name=NetD3_1 New Net Name=NetD2_1
Change Net Name : Old Net Name=NetD4_1 New Net Name=NetD8_1
Change Net Name : Old Net Name=NetD5_1 New Net Name=NetD3_1
Change Net Name : Old Net Name=NetD6_1 New Net Name=NetD9_1
Change Net Name : Old Net Name=NetD7_1 New Net Name=NetD4_1
Change Net Name : Old Net Name=NetD8_1 New Net Name=NetD10_1
Change Net Name : Old Net Name=NetD9_1 New Net Name=NetD5_1
Change Net Name : Old Net Name=NetD10_1 New Net Name=NetD11_1
Change Net Name : Old Net Name=NetD11_1 New Net Name=NetD6_1
Change Net Name : Old Net Name=NetP5_4 New Net Name=NetP12_4
Change Net Name : Old Net Name=NetP6_4 New Net Name=NetP11_4
Change Net Name : Old Net Name=NetP7_4 New Net Name=NetP10_4
Change Net Name : Old Net Name=NetP8_4 New Net Name=NetP9_4
Change Net Name : Old Net Name=NetP9_4 New Net Name=NetP8_4
Change Net Name : Old Net Name=NetP10_4 New Net Name=NetP7_4
Change Net Name : Old Net Name=NetP11_4 New Net Name=NetP6_4
Change Net Name : Old Net Name=NetP12_4 New Net Name=NetP5_4
Change Net Name : Old Net Name=NetP21_4 New Net Name=NetP28_4
Change Net Name : Old Net Name=NetP22_4 New Net Name=NetP27_4
Change Net Name : Old Net Name=NetP23_4 New Net Name=NetP26_4
Change Net Name : Old Net Name=NetP24_4 New Net Name=NetP25_4
Change Net Name : Old Net Name=NetP25_4 New Net Name=NetP24_4
Change Net Name : Old Net Name=NetP26_4 New Net Name=NetP23_4
Change Net Name : Old Net Name=NetP27_4 New Net Name=NetP22_4
Change Net Name : Old Net Name=NetP28_4 New Net Name=NetP21_4
Change Net Name : Old Net Name=NetP37_4 New Net Name=NetP44_4
Change Net Name : Old Net Name=NetP38_4 New Net Name=NetP43_4
Change Net Name : Old Net Name=NetP39_4 New Net Name=NetP42_4
Change Net Name : Old Net Name=NetP40_4 New Net Name=NetP41_4
Change Net Name : Old Net Name=NetP41_4 New Net Name=NetP40_4
Change Net Name : Old Net Name=NetP42_4 New Net Name=NetP39_4
Change Net Name : Old Net Name=NetP43_4 New Net Name=NetP38_4
Change Net Name : Old Net Name=NetP44_4 New Net Name=NetP37_4
Change Net Name : Old Net Name=NetP53_4 New Net Name=NetP60_4
Change Net Name : Old Net Name=NetP54_4 New Net Name=NetP59_4
Change Net Name : Old Net Name=NetP55_4 New Net Name=NetP58_4
Change Net Name : Old Net Name=NetP56_4 New Net Name=NetP57_4
Change Net Name : Old Net Name=NetP57_4 New Net Name=NetP56_4
Change Net Name : Old Net Name=NetP58_4 New Net Name=NetP55_4
Change Net Name : Old Net Name=NetP59_4 New Net Name=NetP54_4
Change Net Name : Old Net Name=NetP60_4 New Net Name=NetP53_4
Change Net Name : Old Net Name=NetP69_4 New Net Name=NetP76_4
Change Net Name : Old Net Name=NetP70_4 New Net Name=NetP75_4
Change Net Name : Old Net Name=NetP71_4 New Net Name=NetP74_4
Change Net Name : Old Net Name=NetP72_4 New Net Name=NetP73_4
Change Net Name : Old Net Name=NetP73_4 New Net Name=NetP72_4
Change Net Name : Old Net Name=NetP74_4 New Net Name=NetP71_4
Change Net Name : Old Net Name=NetP75_4 New Net Name=NetP70_4
Change Net Name : Old Net Name=NetP76_4 New Net Name=NetP69_4
Added Room: Name=CONNECT2
Added Room: Name=CONNECT
Added Room: Name=Sheet3
