Change Component Designator: Old Designator=D2 New Designator=D7
Change Component Designator: Old Designator=D3 New Designator=D2
Change Component Designator: Old Designator=D4 New Designator=D8
Change Component Designator: Old Designator=D5 New Designator=D3
Change Component Designator: Old Designator=D6 New Designator=D9
Change Component Designator: Old Designator=D7 New Designator=D4
Change Component Designator: Old Designator=D8 New Designator=D10
Change Component Designator: Old Designator=D9 New Designator=D5
Change Component Designator: Old Designator=D10 New Designator=D11
Change Component Designator: Old Designator=D11 New Designator=D6
Change Component Designator: Old Designator=Px New Designator=Px1
Change Component Designator: Old Designator=Py New Designator=Py1
Change Component Designator: Old Designator=Q5 New Designator=Q45
Change Component Designator: Old Designator=Q6 New Designator=Q46
Change Component Designator: Old Designator=Q7 New Designator=Q47
Change Component Designator: Old Designator=Q8 New Designator=Q48
Change Component Designator: Old Designator=Q9 New Designator=Q49
Change Component Designator: Old Designator=Q10 New Designator=Q50
Change Component Designator: Old Designator=Q11 New Designator=Q51
Change Component Designator: Old Designator=Q12 New Designator=Q52
Change Component Designator: Old Designator=Q13 New Designator=Q5
Change Component Designator: Old Designator=Q14 New Designator=Q6
Change Component Designator: Old Designator=Q15 New Designator=Q7
Change Component Designator: Old Designator=Q16 New Designator=Q8
Change Component Designator: Old Designator=Q17 New Designator=Q9
Change Component Designator: Old Designator=Q18 New Designator=Q10
Change Component Designator: Old Designator=Q19 New Designator=Q11
Change Component Designator: Old Designator=Q20 New Designator=Q12
Change Component Designator: Old Designator=Q21 New Designator=Q53
Change Component Designator: Old Designator=Q22 New Designator=Q54
Change Component Designator: Old Designator=Q23 New Designator=Q55
Change Component Designator: Old Designator=Q24 New Designator=Q56
Change Component Designator: Old Designator=Q25 New Designator=Q57
Change Component Designator: Old Designator=Q26 New Designator=Q58
Change Component Designator: Old Designator=Q27 New Designator=Q59
Change Component Designator: Old Designator=Q28 New Designator=Q60
Change Component Designator: Old Designator=Q29 New Designator=Q13
Change Component Designator: Old Designator=Q30 New Designator=Q14
Change Component Designator: Old Designator=Q31 New Designator=Q15
Change Component Designator: Old Designator=Q32 New Designator=Q16
Change Component Designator: Old Designator=Q33 New Designator=Q17
Change Component Designator: Old Designator=Q34 New Designator=Q18
Change Component Designator: Old Designator=Q35 New Designator=Q19
Change Component Designator: Old Designator=Q36 New Designator=Q20
Change Component Designator: Old Designator=Q37 New Designator=Q61
Change Component Designator: Old Designator=Q38 New Designator=Q62
Change Component Designator: Old Designator=Q39 New Designator=Q63
Change Component Designator: Old Designator=Q40 New Designator=Q64
Change Component Designator: Old Designator=Q41 New Designator=Q65
Change Component Designator: Old Designator=Q42 New Designator=Q66
Change Component Designator: Old Designator=Q43 New Designator=Q67
Change Component Designator: Old Designator=Q44 New Designator=Q68
Change Component Designator: Old Designator=Q45 New Designator=Q21
Change Component Designator: Old Designator=Q46 New Designator=Q22
Change Component Designator: Old Designator=Q47 New Designator=Q23
Change Component Designator: Old Designator=Q48 New Designator=Q24
Change Component Designator: Old Designator=Q49 New Designator=Q25
Change Component Designator: Old Designator=Q50 New Designator=Q26
Change Component Designator: Old Designator=Q51 New Designator=Q27
Change Component Designator: Old Designator=Q52 New Designator=Q28
Change Component Designator: Old Designator=Q53 New Designator=Q69
Change Component Designator: Old Designator=Q54 New Designator=Q70
Change Component Designator: Old Designator=Q55 New Designator=Q71
Change Component Designator: Old Designator=Q56 New Designator=Q72
Change Component Designator: Old Designator=Q57 New Designator=Q73
Change Component Designator: Old Designator=Q58 New Designator=Q74
Change Component Designator: Old Designator=Q59 New Designator=Q75
Change Component Designator: Old Designator=Q60 New Designator=Q76
Change Component Designator: Old Designator=Q61 New Designator=Q29
Change Component Designator: Old Designator=Q62 New Designator=Q30
Change Component Designator: Old Designator=Q63 New Designator=Q31
Change Component Designator: Old Designator=Q64 New Designator=Q32
Change Component Designator: Old Designator=Q65 New Designator=Q33
Change Component Designator: Old Designator=Q66 New Designator=Q34
Change Component Designator: Old Designator=Q67 New Designator=Q35
Change Component Designator: Old Designator=Q68 New Designator=Q36
Change Component Designator: Old Designator=Q69 New Designator=Q77
Change Component Designator: Old Designator=Q70 New Designator=Q78
Change Component Designator: Old Designator=Q71 New Designator=Q79
Change Component Designator: Old Designator=Q72 New Designator=Q80
Change Component Designator: Old Designator=Q73 New Designator=Q81
Change Component Designator: Old Designator=Q74 New Designator=Q82
Change Component Designator: Old Designator=Q75 New Designator=Q83
Change Component Designator: Old Designator=Q76 New Designator=Q84
Change Component Designator: Old Designator=Q77 New Designator=Q37
Change Component Designator: Old Designator=Q78 New Designator=Q38
Change Component Designator: Old Designator=Q79 New Designator=Q39
Change Component Designator: Old Designator=Q80 New Designator=Q40
Change Component Designator: Old Designator=Q81 New Designator=Q41
Change Component Designator: Old Designator=Q82 New Designator=Q42
Change Component Designator: Old Designator=Q83 New Designator=Q43
Change Component Designator: Old Designator=Q84 New Designator=Q44
Change Component Designator: Old Designator=R5 New Designator=R45
Change Component Designator: Old Designator=R6 New Designator=R46
Change Component Designator: Old Designator=R7 New Designator=R47
Change Component Designator: Old Designator=R8 New Designator=R48
Change Component Designator: Old Designator=R9 New Designator=R49
Change Component Designator: Old Designator=R10 New Designator=R50
Change Component Designator: Old Designator=R11 New Designator=R51
Change Component Designator: Old Designator=R12 New Designator=R52
Change Component Designator: Old Designator=R13 New Designator=R5
Change Component Designator: Old Designator=R14 New Designator=R6
Change Component Designator: Old Designator=R15 New Designator=R7
Change Component Designator: Old Designator=R16 New Designator=R8
Change Component Designator: Old Designator=R17 New Designator=R9
Change Component Designator: Old Designator=R18 New Designator=R10
Change Component Designator: Old Designator=R19 New Designator=R11
Change Component Designator: Old Designator=R20 New Designator=R12
Change Component Designator: Old Designator=R21 New Designator=R53
Change Component Designator: Old Designator=R22 New Designator=R54
Change Component Designator: Old Designator=R23 New Designator=R55
Change Component Designator: Old Designator=R24 New Designator=R56
Change Component Designator: Old Designator=R25 New Designator=R57
Change Component Designator: Old Designator=R26 New Designator=R58
Change Component Designator: Old Designator=R27 New Designator=R59
Change Component Designator: Old Designator=R28 New Designator=R60
Change Component Designator: Old Designator=R29 New Designator=R13
Change Component Designator: Old Designator=R30 New Designator=R14
Change Component Designator: Old Designator=R31 New Designator=R15
Change Component Designator: Old Designator=R32 New Designator=R16
Change Component Designator: Old Designator=R33 New Designator=R17
Change Component Designator: Old Designator=R34 New Designator=R18
Change Component Designator: Old Designator=R35 New Designator=R19
Change Component Designator: Old Designator=R36 New Designator=R20
Change Component Designator: Old Designator=R37 New Designator=R61
Change Component Designator: Old Designator=R38 New Designator=R62
Change Component Designator: Old Designator=R39 New Designator=R63
Change Component Designator: Old Designator=R40 New Designator=R64
Change Component Designator: Old Designator=R41 New Designator=R65
Change Component Designator: Old Designator=R42 New Designator=R66
Change Component Designator: Old Designator=R43 New Designator=R67
Change Component Designator: Old Designator=R44 New Designator=R68
Change Component Designator: Old Designator=R45 New Designator=R21
Change Component Designator: Old Designator=R46 New Designator=R22
Change Component Designator: Old Designator=R47 New Designator=R23
Change Component Designator: Old Designator=R48 New Designator=R24
Change Component Designator: Old Designator=R49 New Designator=R25
Change Component Designator: Old Designator=R50 New Designator=R26
Change Component Designator: Old Designator=R51 New Designator=R27
Change Component Designator: Old Designator=R52 New Designator=R28
Change Component Designator: Old Designator=R53 New Designator=R69
Change Component Designator: Old Designator=R54 New Designator=R70
Change Component Designator: Old Designator=R55 New Designator=R71
Change Component Designator: Old Designator=R56 New Designator=R72
Change Component Designator: Old Designator=R57 New Designator=R73
Change Component Designator: Old Designator=R58 New Designator=R74
Change Component Designator: Old Designator=R59 New Designator=R75
Change Component Designator: Old Designator=R60 New Designator=R76
Change Component Designator: Old Designator=R61 New Designator=R29
Change Component Designator: Old Designator=R62 New Designator=R30
Change Component Designator: Old Designator=R63 New Designator=R31
Change Component Designator: Old Designator=R64 New Designator=R32
Change Component Designator: Old Designator=R65 New Designator=R33
Change Component Designator: Old Designator=R66 New Designator=R34
Change Component Designator: Old Designator=R67 New Designator=R35
Change Component Designator: Old Designator=R68 New Designator=R36
Change Component Designator: Old Designator=R69 New Designator=R77
Change Component Designator: Old Designator=R70 New Designator=R78
Change Component Designator: Old Designator=R71 New Designator=R79
Change Component Designator: Old Designator=R72 New Designator=R80
Change Component Designator: Old Designator=R73 New Designator=R81
Change Component Designator: Old Designator=R74 New Designator=R82
Change Component Designator: Old Designator=R75 New Designator=R83
Change Component Designator: Old Designator=R76 New Designator=R84
Change Component Designator: Old Designator=R77 New Designator=R37
Change Component Designator: Old Designator=R78 New Designator=R38
Change Component Designator: Old Designator=R79 New Designator=R39
Change Component Designator: Old Designator=R80 New Designator=R40
Change Component Designator: Old Designator=R81 New Designator=R41
Change Component Designator: Old Designator=R82 New Designator=R42
Change Component Designator: Old Designator=R83 New Designator=R43
Change Component Designator: Old Designator=R84 New Designator=R44
