Added Component: Designator=C1(0603_C)
Added Component: Designator=C2(0603_C)
Added Component: Designator=C3(0603_C)
Added Component: Designator=C4(0603_C)
Added Component: Designator=C5(0603_C)
Added Component: Designator=C6(0603_C)
Added Component: Designator=C7(0603_C)
Added Component: Designator=C8(0603_C)
Added Component: Designator=C9(0603_C)
Added Component: Designator=C10(0603_C)
Added Component: Designator=C11(0603_C)
Added Component: Designator=C12(0603_C)
Added Component: Designator=C13(0603_C)
Added Component: Designator=C14(0603_C)
Added Component: Designator=C15(0603_C)
Added Component: Designator=C16(0603_C)
Added Component: Designator=C17(0805_C)
Added Component: Designator=C19(0603_C)
Added Component: Designator=C20(0603_C)
Added Component: Designator=C21(0603_C)
Added Component: Designator=C22(0603_C)
Added Component: Designator=C23(0805_C)
Added Component: Designator=C24(0603_C)
Added Component: Designator=C25(0805_C)
Added Component: Designator=C26(0805_C)
Added Component: Designator=C27(0603_C)
Added Component: Designator=C28(0805_C)
Added Component: Designator=C29(0603_C)
Added Component: Designator=CAP1(8X12_CAP)
Added Component: Designator=D2(SOD-323)
Added Component: Designator=D3(SMA(DO-214AC)_S1)
Added Component: Designator=D4(LL-34)
Added Component: Designator=D5(SMA(DO-214AC)_S1)
Added Component: Designator=D6(SMA(DO-214AC)_S1)
Added Component: Designator=ESD1(SOD-523)
Added Component: Designator=FB1(0805_L)
Added Component: Designator=FB2(0805_L)
Added Component: Designator=JP1(XH2.54-WS-5P)
Added Component: Designator=JP4(XH2.54-WI-5P)
Added Component: Designator=JP5(XH2.54-WI-5P)
Added Component: Designator=L1(L_4030)
Added Component: Designator=R1(0805_R)
Added Component: Designator=R2(0805_R)
Added Component: Designator=R8(0603_R)
Added Component: Designator=R9(0603_R)
Added Component: Designator=R10(0603_R)
Added Component: Designator=R11(0603_R)
Added Component: Designator=R12(0603_R)
Added Component: Designator=S1(key)
Added Component: Designator=U2(LQFP-48_7x7x05P)
Added Component: Designator=U4(SOT-23-6)
Added Component: Designator=VR1(SOT-223)
Added Net: Name=+5V
Added Pin To Net: NetName=BIN0 Pin=U2-14
Added Net: Name=BIN0
Added Pin To Net: NetName=BIN1 Pin=U2-15
Added Net: Name=BIN1
Added Pin To Net: NetName=BIN2 Pin=U2-16
Added Net: Name=BIN2
Added Pin To Net: NetName=BIN3 Pin=U2-17
Added Net: Name=BIN3
Added Pin To Net: NetName=BIN4 Pin=U2-18
Added Net: Name=BIN4
Added Pin To Net: NetName=BIN5 Pin=U2-19
Added Net: Name=BIN5
Added Pin To Net: NetName=BIN6 Pin=U2-20
Added Net: Name=BIN6
Added Pin To Net: NetName=BIN7 Pin=U2-21
Added Net: Name=BIN7
Added Pin To Net: NetName=DATA_IN Pin=JP4-1
Added Net: Name=DATA_IN
Added Pin To Net: NetName=DATA_OUT Pin=JP5-1
Added Net: Name=DATA_OUT
Added Pin To Net: NetName=GNDA Pin=FB2-2
Added Pin To Net: NetName=GNDA Pin=U2-8
Added Net: Name=GNDA
Added Pin To Net: NetName=NetC1_1 Pin=C1-1
Added Net: Name=NetC1_1
Added Pin To Net: NetName=NetC2_1 Pin=C2-1
Added Net: Name=NetC2_1
Added Pin To Net: NetName=NetC3_1 Pin=C3-1
Added Net: Name=NetC3_1
Added Pin To Net: NetName=NetC4_1 Pin=C4-1
Added Net: Name=NetC4_1
Added Pin To Net: NetName=NetC5_1 Pin=C5-1
Added Net: Name=NetC5_1
Added Pin To Net: NetName=NetC6_1 Pin=C6-1
Added Net: Name=NetC6_1
Added Pin To Net: NetName=NetC7_1 Pin=C7-1
Added Net: Name=NetC7_1
Added Pin To Net: NetName=NetC8_1 Pin=C8-1
Added Net: Name=NetC8_1
Added Pin To Net: NetName=NetC9_1 Pin=C9-1
Added Net: Name=NetC9_1
Added Pin To Net: NetName=NetC10_1 Pin=C10-1
Added Net: Name=NetC10_1
Added Pin To Net: NetName=NetC11_1 Pin=C11-1
Added Net: Name=NetC11_1
Added Pin To Net: NetName=NetC12_1 Pin=C12-1
Added Net: Name=NetC12_1
Added Pin To Net: NetName=NetC13_1 Pin=C13-1
Added Net: Name=NetC13_1
Added Pin To Net: NetName=NetC14_1 Pin=C14-1
Added Net: Name=NetC14_1
Added Pin To Net: NetName=NetC15_1 Pin=C15-1
Added Net: Name=NetC15_1
Added Pin To Net: NetName=NetC16_1 Pin=C16-1
Added Net: Name=NetC16_1
Added Pin To Net: NetName=NetC24_1 Pin=C24-1
Added Pin To Net: NetName=NetC24_1 Pin=D2-2
Added Pin To Net: NetName=NetC24_1 Pin=U4-1
Added Net: Name=NetC24_1
Added Pin To Net: NetName=NetC24_2 Pin=C24-2
Added Pin To Net: NetName=NetC24_2 Pin=D3-2
Added Pin To Net: NetName=NetC24_2 Pin=L1-1
Added Pin To Net: NetName=NetC24_2 Pin=U4-6
Added Net: Name=NetC24_2
Added Net: Name=NetLED1_2
Added Net: Name=NetLED2_2
Added Net: Name=NetLED3_2
Added Net: Name=NetLED4_2
Added Net: Name=NetLED5_2
Added Net: Name=NetLED6_2
Added Net: Name=NetLED7_2
Added Net: Name=NetLED8_2
Added Net: Name=NetLED9_2
Added Net: Name=NetLED10_2
Added Net: Name=NetLED11_2
Added Net: Name=NetLED12_2
Added Net: Name=NetLED13_2
Added Net: Name=NetLED14_2
Added Net: Name=NetLED15_2
Added Pin To Net: NetName=NetR2_1 Pin=R2-1
Added Pin To Net: NetName=NetR2_1 Pin=U2-44
Added Net: Name=NetR2_1
Added Pin To Net: NetName=NetR8_1 Pin=R8-1
Added Pin To Net: NetName=NetR8_1 Pin=U4-4
Added Net: Name=NetR8_1
Added Pin To Net: NetName=NetR9_1 Pin=R9-1
Added Pin To Net: NetName=NetR9_1 Pin=R10-2
Added Net: Name=NetR9_1
Added Pin To Net: NetName=NetR10_1 Pin=R10-1
Added Pin To Net: NetName=NetR10_1 Pin=R11-1
Added Pin To Net: NetName=NetR10_1 Pin=U4-3
Added Net: Name=NetR10_1
Added Pin To Net: NetName=NRST Pin=C17-2
Added Pin To Net: NetName=NRST Pin=JP1-5
Added Pin To Net: NetName=NRST Pin=R1-1
Added Pin To Net: NetName=NRST Pin=S1-1
Added Pin To Net: NetName=NRST Pin=U2-7
Added Net: Name=NRST
Added Pin To Net: NetName=POWER_+3.3V Pin=C19-1
Added Pin To Net: NetName=POWER_+3.3V Pin=C20-1
Added Pin To Net: NetName=POWER_+3.3V Pin=C21-1
Added Pin To Net: NetName=POWER_+3.3V Pin=C22-1
Added Pin To Net: NetName=POWER_+3.3V Pin=C28-2
Added Pin To Net: NetName=POWER_+3.3V Pin=C29-2
Added Pin To Net: NetName=POWER_+3.3V Pin=D4-2
Added Pin To Net: NetName=POWER_+3.3V Pin=ESD1-2
Added Pin To Net: NetName=POWER_+3.3V Pin=FB1-1
Added Pin To Net: NetName=POWER_+3.3V Pin=JP1-1
Added Pin To Net: NetName=POWER_+3.3V Pin=R1-2
Added Pin To Net: NetName=POWER_+3.3V Pin=U2-1
Added Pin To Net: NetName=POWER_+3.3V Pin=U2-24
Added Pin To Net: NetName=POWER_+3.3V Pin=U2-48
Added Pin To Net: NetName=POWER_+3.3V Pin=VR1-2
Added Pin To Net: NetName=POWER_+3.3V Pin=VR1-2
Added Net: Name=POWER_+3.3V
Added Pin To Net: NetName=POWER_+12V Pin=CAP1-1
Added Pin To Net: NetName=POWER_+12V Pin=D5-1
Added Pin To Net: NetName=POWER_+12V Pin=D6-1
Added Pin To Net: NetName=POWER_+12V Pin=JP4-5
Added Pin To Net: NetName=POWER_+12V Pin=JP5-5
Added Net: Name=POWER_+12V
Added Pin To Net: NetName=POWER_GND Pin=C1-2
Added Pin To Net: NetName=POWER_GND Pin=C2-2
Added Pin To Net: NetName=POWER_GND Pin=C3-2
Added Pin To Net: NetName=POWER_GND Pin=C4-2
Added Pin To Net: NetName=POWER_GND Pin=C5-2
Added Pin To Net: NetName=POWER_GND Pin=C6-2
Added Pin To Net: NetName=POWER_GND Pin=C7-2
Added Pin To Net: NetName=POWER_GND Pin=C8-2
Added Pin To Net: NetName=POWER_GND Pin=C9-2
Added Pin To Net: NetName=POWER_GND Pin=C10-2
Added Pin To Net: NetName=POWER_GND Pin=C11-2
Added Pin To Net: NetName=POWER_GND Pin=C12-2
Added Pin To Net: NetName=POWER_GND Pin=C13-2
Added Pin To Net: NetName=POWER_GND Pin=C14-2
Added Pin To Net: NetName=POWER_GND Pin=C15-2
Added Pin To Net: NetName=POWER_GND Pin=C16-2
Added Pin To Net: NetName=POWER_GND Pin=C17-1
Added Pin To Net: NetName=POWER_GND Pin=C19-2
Added Pin To Net: NetName=POWER_GND Pin=C20-2
Added Pin To Net: NetName=POWER_GND Pin=C21-2
Added Pin To Net: NetName=POWER_GND Pin=C22-2
Added Pin To Net: NetName=POWER_GND Pin=C23-2
Added Pin To Net: NetName=POWER_GND Pin=C25-1
Added Pin To Net: NetName=POWER_GND Pin=C26-1
Added Pin To Net: NetName=POWER_GND Pin=C27-1
Added Pin To Net: NetName=POWER_GND Pin=C28-1
Added Pin To Net: NetName=POWER_GND Pin=C29-1
Added Pin To Net: NetName=POWER_GND Pin=CAP1-2
Added Pin To Net: NetName=POWER_GND Pin=D4-1
Added Pin To Net: NetName=POWER_GND Pin=ESD1-1
Added Pin To Net: NetName=POWER_GND Pin=FB2-1
Added Pin To Net: NetName=POWER_GND Pin=JP1-2
Added Pin To Net: NetName=POWER_GND Pin=JP4-4
Added Pin To Net: NetName=POWER_GND Pin=JP5-4
Added Pin To Net: NetName=POWER_GND Pin=R2-2
Added Pin To Net: NetName=POWER_GND Pin=R12-1
Added Pin To Net: NetName=POWER_GND Pin=S1-2
Added Pin To Net: NetName=POWER_GND Pin=U2-23
Added Pin To Net: NetName=POWER_GND Pin=U2-47
Added Pin To Net: NetName=POWER_GND Pin=VR1-1
Added Net: Name=POWER_GND
Added Pin To Net: NetName=SGND Pin=D3-1
Added Pin To Net: NetName=SGND Pin=R9-2
Added Pin To Net: NetName=SGND Pin=R12-2
Added Pin To Net: NetName=SGND Pin=U4-2
Added Net: Name=SGND
Added Pin To Net: NetName=SWD_CLK Pin=JP1-4
Added Pin To Net: NetName=SWD_CLK Pin=U2-37
Added Net: Name=SWD_CLK
Added Pin To Net: NetName=SWD_DIO Pin=JP1-3
Added Pin To Net: NetName=SWD_DIO Pin=U2-34
Added Net: Name=SWD_DIO
Added Pin To Net: NetName=UART1_RXD Pin=JP5-2
Added Pin To Net: NetName=UART1_RXD Pin=U2-30
Added Net: Name=UART1_RXD
Added Pin To Net: NetName=UART1_TXD Pin=JP5-3
Added Pin To Net: NetName=UART1_TXD Pin=U2-29
Added Net: Name=UART1_TXD
Added Pin To Net: NetName=UART2_RXD Pin=JP4-2
Added Pin To Net: NetName=UART2_RXD Pin=U2-13
Added Net: Name=UART2_RXD
Added Pin To Net: NetName=UART2_TXD Pin=JP4-3
Added Pin To Net: NetName=UART2_TXD Pin=U2-12
Added Net: Name=UART2_TXD
Added Pin To Net: NetName=VBUS Pin=C25-2
Added Pin To Net: NetName=VBUS Pin=D5-2
Added Pin To Net: NetName=VBUS Pin=D6-2
Added Pin To Net: NetName=VBUS Pin=R8-2
Added Pin To Net: NetName=VBUS Pin=U4-5
Added Net: Name=VBUS
Added Pin To Net: NetName=VDD_5.0 Pin=C23-1
Added Pin To Net: NetName=VDD_5.0 Pin=C26-2
Added Pin To Net: NetName=VDD_5.0 Pin=C27-2
Added Pin To Net: NetName=VDD_5.0 Pin=D2-1
Added Pin To Net: NetName=VDD_5.0 Pin=L1-2
Added Pin To Net: NetName=VDD_5.0 Pin=R11-2
Added Pin To Net: NetName=VDD_5.0 Pin=VR1-3
Added Net: Name=VDD_5.0
Added Pin To Net: NetName=VDDA Pin=FB1-2
Added Pin To Net: NetName=VDDA Pin=U2-9
Added Net: Name=VDDA
Added Class: Name=MCU
Added Class: Name=POWER
Added Class: Name=WS2812
Added Room: Name=MCU
Added Room: Name=POWER
Added Room: Name=WS2812
