Change Component Designator: Old Designator=C23 New Designator=C38
Change Component Designator: Old Designator=C24 New Designator=C39
Change Component Designator: Old Designator=C25 New Designator=C40
Change Component Designator: Old Designator=C26 New Designator=C41
Change Component Designator: Old Designator=C27 New Designator=C42
Change Component Designator: Old Designator=C28 New Designator=C43
Change Component Designator: Old Designator=C29 New Designator=C44
Change Component Designator: Old Designator=D2 New Designator=D1
Change Component Designator: Old Designator=D3 New Designator=D2
Change Component Designator: Old Designator=D4 New Designator=D3
Change Component Designator: Old Designator=D5 New Designator=D4
Change Component Designator: Old Designator=D6 New Designator=D5
Change Component Designator: Old Designator=JP4 New Designator=JP2
Change Component Designator: Old Designator=JP5 New Designator=JP3
Change Component Designator: Old Designator=R8 New Designator=R3
Change Component Designator: Old Designator=R9 New Designator=R4
Change Component Designator: Old Designator=R10 New Designator=R5
Change Component Designator: Old Designator=R11 New Designator=R6
Change Component Designator: Old Designator=R12 New Designator=R7
Change Component Designator: Old Designator=U4 New Designator=U2
